{"/home/jeff/git/friends-of-friends/lib/index.js":{"path":"/home/jeff/git/friends-of-friends/lib/index.js","s":{"1":1,"2":1,"3":1,"4":4,"5":4,"6":4,"7":1,"8":3,"9":3,"10":3,"11":3,"12":3,"13":1,"14":1,"15":5,"16":1,"17":2},"b":{"1":[1,3]},"f":{"1":4,"2":5,"3":2},"fnMap":{"1":{"name":"FriendsOfFriends","line":42,"loc":{"start":{"line":42,"column":0},"end":{"line":42,"column":45}}},"2":{"name":"(anonymous_2)","line":112,"loc":{"start":{"line":112,"column":33},"end":{"line":112,"column":53}}},"3":{"name":"(anonymous_3)","line":123,"loc":{"start":{"line":123,"column":33},"end":{"line":123,"column":60}}}},"statementMap":{"1":{"start":{"line":7,"column":0},"end":{"line":9,"column":44}},"2":{"start":{"line":11,"column":0},"end":{"line":11,"column":33}},"3":{"start":{"line":42,"column":0},"end":{"line":88,"column":1}},"4":{"start":{"line":44,"column":4},"end":{"line":44,"column":32}},"5":{"start":{"line":45,"column":4},"end":{"line":45,"column":30}},"6":{"start":{"line":47,"column":4},"end":{"line":49,"column":5}},"7":{"start":{"line":48,"column":6},"end":{"line":48,"column":53}},"8":{"start":{"line":51,"column":4},"end":{"line":52,"column":37}},"9":{"start":{"line":54,"column":4},"end":{"line":58,"column":6}},"10":{"start":{"line":68,"column":4},"end":{"line":68,"column":51}},"11":{"start":{"line":77,"column":4},"end":{"line":77,"column":57}},"12":{"start":{"line":86,"column":4},"end":{"line":86,"column":35}},"13":{"start":{"line":104,"column":0},"end":{"line":104,"column":57}},"14":{"start":{"line":112,"column":0},"end":{"line":114,"column":2}},"15":{"start":{"line":113,"column":4},"end":{"line":113,"column":34}},"16":{"start":{"line":123,"column":0},"end":{"line":125,"column":2}},"17":{"start":{"line":124,"column":4},"end":{"line":124,"column":42}}},"branchMap":{"1":{"line":47,"type":"if","locations":[{"start":{"line":47,"column":4},"end":{"line":47,"column":4}},{"start":{"line":47,"column":4},"end":{"line":47,"column":4}}]}}},"/home/jeff/git/friends-of-friends/lib/relationships.js":{"path":"/home/jeff/git/friends-of-friends/lib/relationships.js","s":{"1":1},"b":{},"f":{},"fnMap":{},"statementMap":{"1":{"start":{"line":4,"column":0},"end":{"line":13,"column":2}}},"branchMap":{}},"/home/jeff/git/friends-of-friends/lib/friendship.js":{"path":"/home/jeff/git/friends-of-friends/lib/friendship.js","s":{"1":1,"2":1,"3":1,"4":4,"5":3,"6":1,"7":1,"8":1,"9":1,"10":1,"11":1,"12":7,"13":7,"14":7,"15":7,"16":7,"17":7,"18":7,"19":1,"20":6,"21":6,"22":6,"23":1,"24":18,"25":18,"26":18,"27":1,"28":26,"29":26,"30":26,"31":1,"32":52,"33":52,"34":52,"35":52,"36":52,"37":52,"38":52,"39":52,"40":1,"41":51,"42":50,"43":1,"44":1,"45":3,"46":3,"47":3,"48":1,"49":3,"50":3,"51":3,"52":1,"53":197,"54":197,"55":197,"56":197,"57":197,"58":7,"59":190,"60":190,"61":200,"62":200,"63":115,"64":85,"65":190,"66":190,"67":1,"68":34,"69":34,"70":34,"71":34,"72":1,"73":33,"74":6,"75":27,"76":27,"77":30,"78":42,"79":12,"80":12,"81":30,"82":27,"83":1,"84":30,"85":1,"86":13,"87":13,"88":13,"89":13,"90":13,"91":1,"92":12,"93":12,"94":12,"95":12,"96":9,"97":3,"98":12,"99":12,"100":1,"101":35,"102":35,"103":35,"104":35,"105":35,"106":2,"107":33,"108":30,"109":30,"110":32,"111":10,"112":32,"113":33,"114":1,"115":36,"116":36,"117":36,"118":36,"119":36,"120":2,"121":34,"122":33,"123":33,"124":1,"125":32,"126":19,"127":19,"128":25,"129":25,"130":31,"131":7,"132":31,"133":25,"134":19,"135":13,"136":1,"137":1,"138":30,"139":30,"140":30,"141":30,"142":4,"143":26,"144":4,"145":22,"146":1,"147":18,"148":18,"149":18,"150":18,"151":18,"152":18,"153":18,"154":1,"155":17,"156":6,"157":11,"158":1,"159":10,"160":3,"161":7,"162":1,"163":34,"164":34,"165":34,"166":34,"167":1,"168":22,"169":22,"170":22,"171":22,"172":3,"173":19,"174":3,"175":16,"176":1,"177":22,"178":22,"179":22,"180":22,"181":3,"182":19,"183":3,"184":16,"185":1,"186":4,"187":1,"188":4,"189":1,"190":1},"b":{"1":[3,1],"2":[1,6],"3":[1,51],"4":[50,1],"5":[7,190],"6":[115,85],"7":[1,33],"8":[6,27],"9":[12,30],"10":[42,42],"11":[1,12],"12":[9,3],"13":[2,33],"14":[30,3],"15":[62,52],"16":[10,22],"17":[2,34],"18":[33,1],"19":[1,32],"20":[19,13],"21":[44,37],"22":[56,49],"23":[7,24],"24":[4,26],"25":[4,22],"26":[26,13],"27":[1,17],"28":[6,11],"29":[1,10],"30":[3,7],"31":[3,19],"32":[3,16],"33":[3,19],"34":[3,16]},"f":{"1":4,"2":7,"3":7,"4":7,"5":7,"6":18,"7":26,"8":52,"9":52,"10":3,"11":3,"12":197,"13":197,"14":200,"15":34,"16":34,"17":27,"18":30,"19":42,"20":30,"21":13,"22":13,"23":12,"24":35,"25":35,"26":36,"27":36,"28":33,"29":30,"30":30,"31":18,"32":18,"33":18,"34":18,"35":18,"36":34,"37":22,"38":22,"39":22,"40":22,"41":4,"42":4},"fnMap":{"1":{"name":"friendshipInit","line":15,"loc":{"start":{"line":15,"column":17},"end":{"line":15,"column":60}}},"2":{"name":"(anonymous_2)","line":52,"loc":{"start":{"line":52,"column":43},"end":{"line":52,"column":70}}},"3":{"name":"(anonymous_3)","line":63,"loc":{"start":{"line":63,"column":18},"end":{"line":63,"column":38}}},"4":{"name":"(anonymous_4)","line":66,"loc":{"start":{"line":66,"column":22},"end":{"line":66,"column":42}}},"5":{"name":"(anonymous_5)","line":70,"loc":{"start":{"line":70,"column":8},"end":{"line":70,"column":32}}},"6":{"name":"(anonymous_6)","line":86,"loc":{"start":{"line":86,"column":47},"end":{"line":86,"column":74}}},"7":{"name":"(anonymous_7)","line":103,"loc":{"start":{"line":103,"column":51},"end":{"line":103,"column":78}}},"8":{"name":"(anonymous_8)","line":121,"loc":{"start":{"line":121,"column":45},"end":{"line":121,"column":85}}},"9":{"name":"(anonymous_9)","line":143,"loc":{"start":{"line":143,"column":60},"end":{"line":143,"column":87}}},"10":{"name":"(anonymous_10)","line":161,"loc":{"start":{"line":161,"column":45},"end":{"line":161,"column":85}}},"11":{"name":"(anonymous_11)","line":182,"loc":{"start":{"line":182,"column":43},"end":{"line":182,"column":83}}},"12":{"name":"(anonymous_12)","line":202,"loc":{"start":{"line":202,"column":42},"end":{"line":202,"column":69}}},"13":{"name":"(anonymous_13)","line":215,"loc":{"start":{"line":215,"column":30},"end":{"line":215,"column":58}}},"14":{"name":"(anonymous_14)","line":221,"loc":{"start":{"line":221,"column":36},"end":{"line":221,"column":58}}},"15":{"name":"(anonymous_15)","line":246,"loc":{"start":{"line":246,"column":51},"end":{"line":246,"column":78}}},"16":{"name":"(anonymous_16)","line":253,"loc":{"start":{"line":253,"column":35},"end":{"line":253,"column":61}}},"17":{"name":"(anonymous_17)","line":262,"loc":{"start":{"line":262,"column":49},"end":{"line":262,"column":73}}},"18":{"name":"(anonymous_18)","line":263,"loc":{"start":{"line":263,"column":36},"end":{"line":263,"column":62}}},"19":{"name":"(anonymous_19)","line":265,"loc":{"start":{"line":265,"column":47},"end":{"line":265,"column":75}}},"20":{"name":"eachFriend","line":279,"loc":{"start":{"line":279,"column":16},"end":{"line":279,"column":57}}},"21":{"name":"(anonymous_21)","line":293,"loc":{"start":{"line":293,"column":49},"end":{"line":293,"column":76}}},"22":{"name":"(anonymous_22)","line":306,"loc":{"start":{"line":306,"column":30},"end":{"line":306,"column":65}}},"23":{"name":"(anonymous_23)","line":312,"loc":{"start":{"line":312,"column":43},"end":{"line":312,"column":72}}},"24":{"name":"(anonymous_24)","line":338,"loc":{"start":{"line":338,"column":42},"end":{"line":338,"column":82}}},"25":{"name":"(anonymous_25)","line":346,"loc":{"start":{"line":346,"column":36},"end":{"line":346,"column":62}}},"26":{"name":"(anonymous_26)","line":383,"loc":{"start":{"line":383,"column":51},"end":{"line":383,"column":91}}},"27":{"name":"(anonymous_27)","line":390,"loc":{"start":{"line":390,"column":36},"end":{"line":390,"column":70}}},"28":{"name":"(anonymous_28)","line":394,"loc":{"start":{"line":394,"column":44},"end":{"line":394,"column":78}}},"29":{"name":"(anonymous_29)","line":435,"loc":{"start":{"line":435,"column":49},"end":{"line":435,"column":89}}},"30":{"name":"(anonymous_30)","line":440,"loc":{"start":{"line":440,"column":62},"end":{"line":440,"column":89}}},"31":{"name":"(anonymous_31)","line":458,"loc":{"start":{"line":458,"column":47},"end":{"line":458,"column":87}}},"32":{"name":"(anonymous_32)","line":464,"loc":{"start":{"line":464,"column":21},"end":{"line":464,"column":41}}},"33":{"name":"(anonymous_33)","line":467,"loc":{"start":{"line":467,"column":21},"end":{"line":467,"column":41}}},"34":{"name":"(anonymous_34)","line":470,"loc":{"start":{"line":470,"column":30},"end":{"line":470,"column":50}}},"35":{"name":"(anonymous_35)","line":473,"loc":{"start":{"line":473,"column":11},"end":{"line":473,"column":35}}},"36":{"name":"(anonymous_36)","line":492,"loc":{"start":{"line":492,"column":45},"end":{"line":492,"column":85}}},"37":{"name":"(anonymous_37)","line":514,"loc":{"start":{"line":514,"column":43},"end":{"line":514,"column":84}}},"38":{"name":"(anonymous_38)","line":519,"loc":{"start":{"line":519,"column":47},"end":{"line":519,"column":74}}},"39":{"name":"(anonymous_39)","line":537,"loc":{"start":{"line":537,"column":43},"end":{"line":537,"column":84}}},"40":{"name":"(anonymous_40)","line":542,"loc":{"start":{"line":542,"column":47},"end":{"line":542,"column":74}}},"41":{"name":"(anonymous_41)","line":564,"loc":{"start":{"line":564,"column":43},"end":{"line":564,"column":70}}},"42":{"name":"(anonymous_42)","line":575,"loc":{"start":{"line":575,"column":43},"end":{"line":575,"column":70}}}},"statementMap":{"1":{"start":{"line":2,"column":0},"end":{"line":5,"column":44}},"2":{"start":{"line":8,"column":0},"end":{"line":8,"column":20}},"3":{"start":{"line":15,"column":0},"end":{"line":584,"column":2}},"4":{"start":{"line":18,"column":4},"end":{"line":18,"column":48}},"5":{"start":{"line":18,"column":25},"end":{"line":18,"column":48}},"6":{"start":{"line":20,"column":4},"end":{"line":20,"column":32}},"7":{"start":{"line":21,"column":4},"end":{"line":21,"column":30}},"8":{"start":{"line":23,"column":4},"end":{"line":23,"column":50}},"9":{"start":{"line":25,"column":4},"end":{"line":31,"column":7}},"10":{"start":{"line":44,"column":4},"end":{"line":44,"column":59}},"11":{"start":{"line":52,"column":4},"end":{"line":78,"column":6}},"12":{"start":{"line":53,"column":8},"end":{"line":53,"column":28}},"13":{"start":{"line":55,"column":8},"end":{"line":55,"column":24}},"14":{"start":{"line":57,"column":8},"end":{"line":60,"column":10}},"15":{"start":{"line":62,"column":8},"end":{"line":77,"column":11}},"16":{"start":{"line":64,"column":16},"end":{"line":64,"column":58}},"17":{"start":{"line":67,"column":16},"end":{"line":67,"column":62}},"18":{"start":{"line":71,"column":12},"end":{"line":71,"column":38}},"19":{"start":{"line":71,"column":21},"end":{"line":71,"column":38}},"20":{"start":{"line":73,"column":12},"end":{"line":73,"column":41}},"21":{"start":{"line":74,"column":12},"end":{"line":74,"column":49}},"22":{"start":{"line":76,"column":12},"end":{"line":76,"column":33}},"23":{"start":{"line":86,"column":4},"end":{"line":95,"column":6}},"24":{"start":{"line":87,"column":8},"end":{"line":87,"column":32}},"25":{"start":{"line":89,"column":8},"end":{"line":92,"column":10}},"26":{"start":{"line":94,"column":8},"end":{"line":94,"column":36}},"27":{"start":{"line":103,"column":4},"end":{"line":112,"column":6}},"28":{"start":{"line":104,"column":8},"end":{"line":104,"column":36}},"29":{"start":{"line":106,"column":8},"end":{"line":109,"column":9}},"30":{"start":{"line":111,"column":8},"end":{"line":111,"column":36}},"31":{"start":{"line":121,"column":4},"end":{"line":152,"column":6}},"32":{"start":{"line":122,"column":8},"end":{"line":122,"column":30}},"33":{"start":{"line":124,"column":8},"end":{"line":124,"column":39}},"34":{"start":{"line":125,"column":8},"end":{"line":125,"column":39}},"35":{"start":{"line":128,"column":8},"end":{"line":134,"column":10}},"36":{"start":{"line":136,"column":8},"end":{"line":139,"column":10}},"37":{"start":{"line":141,"column":8},"end":{"line":141,"column":38}},"38":{"start":{"line":143,"column":8},"end":{"line":151,"column":11}},"39":{"start":{"line":144,"column":12},"end":{"line":150,"column":13}},"40":{"start":{"line":145,"column":16},"end":{"line":145,"column":26}},"41":{"start":{"line":146,"column":19},"end":{"line":150,"column":13}},"42":{"start":{"line":147,"column":16},"end":{"line":147,"column":39}},"43":{"start":{"line":149,"column":16},"end":{"line":149,"column":78}},"44":{"start":{"line":161,"column":4},"end":{"line":173,"column":6}},"45":{"start":{"line":162,"column":8},"end":{"line":162,"column":30}},"46":{"start":{"line":164,"column":8},"end":{"line":170,"column":10}},"47":{"start":{"line":172,"column":8},"end":{"line":172,"column":38}},"48":{"start":{"line":182,"column":4},"end":{"line":194,"column":6}},"49":{"start":{"line":183,"column":8},"end":{"line":183,"column":28}},"50":{"start":{"line":185,"column":8},"end":{"line":191,"column":10}},"51":{"start":{"line":193,"column":8},"end":{"line":193,"column":38}},"52":{"start":{"line":202,"column":4},"end":{"line":238,"column":6}},"53":{"start":{"line":203,"column":8},"end":{"line":203,"column":27}},"54":{"start":{"line":205,"column":8},"end":{"line":205,"column":27}},"55":{"start":{"line":207,"column":8},"end":{"line":213,"column":10}},"56":{"start":{"line":215,"column":8},"end":{"line":237,"column":11}},"57":{"start":{"line":216,"column":12},"end":{"line":235,"column":13}},"58":{"start":{"line":217,"column":16},"end":{"line":217,"column":26}},"59":{"start":{"line":219,"column":16},"end":{"line":219,"column":50}},"60":{"start":{"line":221,"column":16},"end":{"line":230,"column":19}},"61":{"start":{"line":222,"column":20},"end":{"line":222,"column":52}},"62":{"start":{"line":224,"column":20},"end":{"line":228,"column":21}},"63":{"start":{"line":225,"column":24},"end":{"line":225,"column":61}},"64":{"start":{"line":227,"column":24},"end":{"line":227,"column":61}},"65":{"start":{"line":232,"column":16},"end":{"line":232,"column":46}},"66":{"start":{"line":234,"column":16},"end":{"line":234,"column":38}},"67":{"start":{"line":246,"column":4},"end":{"line":285,"column":6}},"68":{"start":{"line":247,"column":8},"end":{"line":247,"column":36}},"69":{"start":{"line":249,"column":8},"end":{"line":250,"column":26}},"70":{"start":{"line":253,"column":8},"end":{"line":284,"column":11}},"71":{"start":{"line":254,"column":12},"end":{"line":283,"column":13}},"72":{"start":{"line":255,"column":16},"end":{"line":255,"column":26}},"73":{"start":{"line":257,"column":19},"end":{"line":283,"column":13}},"74":{"start":{"line":258,"column":16},"end":{"line":258,"column":37}},"75":{"start":{"line":262,"column":16},"end":{"line":277,"column":18}},"76":{"start":{"line":263,"column":20},"end":{"line":274,"column":23}},"77":{"start":{"line":265,"column":24},"end":{"line":273,"column":26}},"78":{"start":{"line":266,"column":28},"end":{"line":272,"column":29}},"79":{"start":{"line":268,"column":32},"end":{"line":268,"column":64}},"80":{"start":{"line":269,"column":32},"end":{"line":269,"column":66}},"81":{"start":{"line":271,"column":32},"end":{"line":271,"column":75}},"82":{"start":{"line":276,"column":20},"end":{"line":276,"column":41}},"83":{"start":{"line":279,"column":16},"end":{"line":282,"column":17}},"84":{"start":{"line":281,"column":20},"end":{"line":281,"column":56}},"85":{"start":{"line":293,"column":4},"end":{"line":329,"column":6}},"86":{"start":{"line":294,"column":8},"end":{"line":294,"column":34}},"87":{"start":{"line":296,"column":8},"end":{"line":296,"column":27}},"88":{"start":{"line":298,"column":8},"end":{"line":304,"column":10}},"89":{"start":{"line":306,"column":8},"end":{"line":328,"column":11}},"90":{"start":{"line":307,"column":12},"end":{"line":326,"column":13}},"91":{"start":{"line":308,"column":16},"end":{"line":308,"column":26}},"92":{"start":{"line":310,"column":16},"end":{"line":310,"column":64}},"93":{"start":{"line":312,"column":16},"end":{"line":321,"column":19}},"94":{"start":{"line":313,"column":20},"end":{"line":313,"column":66}},"95":{"start":{"line":315,"column":20},"end":{"line":319,"column":21}},"96":{"start":{"line":316,"column":24},"end":{"line":316,"column":68}},"97":{"start":{"line":318,"column":24},"end":{"line":318,"column":68}},"98":{"start":{"line":323,"column":16},"end":{"line":323,"column":46}},"99":{"start":{"line":325,"column":16},"end":{"line":325,"column":38}},"100":{"start":{"line":338,"column":4},"end":{"line":374,"column":6}},"101":{"start":{"line":339,"column":8},"end":{"line":339,"column":27}},"102":{"start":{"line":341,"column":8},"end":{"line":341,"column":24}},"103":{"start":{"line":343,"column":8},"end":{"line":343,"column":27}},"104":{"start":{"line":346,"column":8},"end":{"line":373,"column":11}},"105":{"start":{"line":347,"column":12},"end":{"line":372,"column":13}},"106":{"start":{"line":348,"column":16},"end":{"line":348,"column":26}},"107":{"start":{"line":351,"column":16},"end":{"line":368,"column":17}},"108":{"start":{"line":353,"column":20},"end":{"line":353,"column":30}},"109":{"start":{"line":356,"column":20},"end":{"line":367,"column":21}},"110":{"start":{"line":360,"column":24},"end":{"line":363,"column":25}},"111":{"start":{"line":362,"column":28},"end":{"line":362,"column":42}},"112":{"start":{"line":366,"column":24},"end":{"line":366,"column":28}},"113":{"start":{"line":371,"column":16},"end":{"line":371,"column":34}},"114":{"start":{"line":383,"column":4},"end":{"line":427,"column":6}},"115":{"start":{"line":384,"column":8},"end":{"line":384,"column":36}},"116":{"start":{"line":386,"column":8},"end":{"line":386,"column":24}},"117":{"start":{"line":388,"column":8},"end":{"line":388,"column":27}},"118":{"start":{"line":390,"column":8},"end":{"line":426,"column":11}},"119":{"start":{"line":391,"column":12},"end":{"line":425,"column":13}},"120":{"start":{"line":392,"column":16},"end":{"line":392,"column":26}},"121":{"start":{"line":393,"column":19},"end":{"line":425,"column":13}},"122":{"start":{"line":394,"column":16},"end":{"line":422,"column":19}},"123":{"start":{"line":395,"column":20},"end":{"line":421,"column":21}},"124":{"start":{"line":396,"column":24},"end":{"line":396,"column":34}},"125":{"start":{"line":397,"column":27},"end":{"line":421,"column":21}},"126":{"start":{"line":399,"column":24},"end":{"line":399,"column":34}},"127":{"start":{"line":402,"column":24},"end":{"line":417,"column":25}},"128":{"start":{"line":403,"column":28},"end":{"line":403,"column":36}},"129":{"start":{"line":406,"column":28},"end":{"line":414,"column":29}},"130":{"start":{"line":408,"column":32},"end":{"line":411,"column":33}},"131":{"start":{"line":410,"column":36},"end":{"line":410,"column":50}},"132":{"start":{"line":413,"column":32},"end":{"line":413,"column":36}},"133":{"start":{"line":416,"column":28},"end":{"line":416,"column":32}},"134":{"start":{"line":418,"column":24},"end":{"line":418,"column":42}},"135":{"start":{"line":420,"column":24},"end":{"line":420,"column":42}},"136":{"start":{"line":424,"column":16},"end":{"line":424,"column":34}},"137":{"start":{"line":435,"column":4},"end":{"line":449,"column":5}},"138":{"start":{"line":436,"column":8},"end":{"line":436,"column":34}},"139":{"start":{"line":438,"column":8},"end":{"line":438,"column":74}},"140":{"start":{"line":440,"column":8},"end":{"line":448,"column":11}},"141":{"start":{"line":441,"column":12},"end":{"line":441,"column":38}},"142":{"start":{"line":441,"column":21},"end":{"line":441,"column":38}},"143":{"start":{"line":443,"column":12},"end":{"line":447,"column":13}},"144":{"start":{"line":444,"column":16},"end":{"line":444,"column":43}},"145":{"start":{"line":446,"column":16},"end":{"line":446,"column":34}},"146":{"start":{"line":458,"column":4},"end":{"line":483,"column":6}},"147":{"start":{"line":459,"column":8},"end":{"line":459,"column":33}},"148":{"start":{"line":461,"column":8},"end":{"line":461,"column":24}},"149":{"start":{"line":463,"column":8},"end":{"line":482,"column":11}},"150":{"start":{"line":465,"column":16},"end":{"line":465,"column":66}},"151":{"start":{"line":468,"column":16},"end":{"line":468,"column":73}},"152":{"start":{"line":471,"column":16},"end":{"line":471,"column":75}},"153":{"start":{"line":474,"column":12},"end":{"line":474,"column":38}},"154":{"start":{"line":474,"column":21},"end":{"line":474,"column":38}},"155":{"start":{"line":476,"column":12},"end":{"line":476,"column":85}},"156":{"start":{"line":476,"column":44},"end":{"line":476,"column":85}},"157":{"start":{"line":477,"column":12},"end":{"line":477,"column":93}},"158":{"start":{"line":477,"column":44},"end":{"line":477,"column":93}},"159":{"start":{"line":478,"column":12},"end":{"line":478,"column":96}},"160":{"start":{"line":478,"column":44},"end":{"line":478,"column":96}},"161":{"start":{"line":480,"column":12},"end":{"line":480,"column":50}},"162":{"start":{"line":492,"column":4},"end":{"line":505,"column":6}},"163":{"start":{"line":493,"column":8},"end":{"line":493,"column":30}},"164":{"start":{"line":495,"column":8},"end":{"line":495,"column":74}},"165":{"start":{"line":497,"column":8},"end":{"line":502,"column":10}},"166":{"start":{"line":504,"column":8},"end":{"line":504,"column":50}},"167":{"start":{"line":514,"column":4},"end":{"line":528,"column":6}},"168":{"start":{"line":515,"column":8},"end":{"line":515,"column":28}},"169":{"start":{"line":517,"column":8},"end":{"line":517,"column":74}},"170":{"start":{"line":519,"column":8},"end":{"line":527,"column":11}},"171":{"start":{"line":520,"column":12},"end":{"line":520,"column":38}},"172":{"start":{"line":520,"column":21},"end":{"line":520,"column":38}},"173":{"start":{"line":522,"column":12},"end":{"line":526,"column":13}},"174":{"start":{"line":523,"column":16},"end":{"line":523,"column":57}},"175":{"start":{"line":525,"column":16},"end":{"line":525,"column":67}},"176":{"start":{"line":537,"column":4},"end":{"line":551,"column":6}},"177":{"start":{"line":538,"column":8},"end":{"line":538,"column":28}},"178":{"start":{"line":540,"column":8},"end":{"line":540,"column":74}},"179":{"start":{"line":542,"column":8},"end":{"line":550,"column":11}},"180":{"start":{"line":543,"column":12},"end":{"line":543,"column":38}},"181":{"start":{"line":543,"column":21},"end":{"line":543,"column":38}},"182":{"start":{"line":545,"column":12},"end":{"line":549,"column":13}},"183":{"start":{"line":546,"column":16},"end":{"line":546,"column":57}},"184":{"start":{"line":548,"column":16},"end":{"line":548,"column":67}},"185":{"start":{"line":564,"column":4},"end":{"line":566,"column":6}},"186":{"start":{"line":565,"column":8},"end":{"line":565,"column":64}},"187":{"start":{"line":575,"column":4},"end":{"line":577,"column":6}},"188":{"start":{"line":576,"column":8},"end":{"line":576,"column":64}},"189":{"start":{"line":580,"column":4},"end":{"line":580,"column":118}},"190":{"start":{"line":583,"column":4},"end":{"line":583,"column":27}}},"branchMap":{"1":{"line":18,"type":"if","locations":[{"start":{"line":18,"column":4},"end":{"line":18,"column":4}},{"start":{"line":18,"column":4},"end":{"line":18,"column":4}}]},"2":{"line":71,"type":"if","locations":[{"start":{"line":71,"column":12},"end":{"line":71,"column":12}},{"start":{"line":71,"column":12},"end":{"line":71,"column":12}}]},"3":{"line":144,"type":"if","locations":[{"start":{"line":144,"column":12},"end":{"line":144,"column":12}},{"start":{"line":144,"column":12},"end":{"line":144,"column":12}}]},"4":{"line":146,"type":"if","locations":[{"start":{"line":146,"column":19},"end":{"line":146,"column":19}},{"start":{"line":146,"column":19},"end":{"line":146,"column":19}}]},"5":{"line":216,"type":"if","locations":[{"start":{"line":216,"column":12},"end":{"line":216,"column":12}},{"start":{"line":216,"column":12},"end":{"line":216,"column":12}}]},"6":{"line":224,"type":"if","locations":[{"start":{"line":224,"column":20},"end":{"line":224,"column":20}},{"start":{"line":224,"column":20},"end":{"line":224,"column":20}}]},"7":{"line":254,"type":"if","locations":[{"start":{"line":254,"column":12},"end":{"line":254,"column":12}},{"start":{"line":254,"column":12},"end":{"line":254,"column":12}}]},"8":{"line":257,"type":"if","locations":[{"start":{"line":257,"column":19},"end":{"line":257,"column":19}},{"start":{"line":257,"column":19},"end":{"line":257,"column":19}}]},"9":{"line":266,"type":"if","locations":[{"start":{"line":266,"column":28},"end":{"line":266,"column":28}},{"start":{"line":266,"column":28},"end":{"line":266,"column":28}}]},"10":{"line":266,"type":"binary-expr","locations":[{"start":{"line":266,"column":32},"end":{"line":266,"column":73}},{"start":{"line":266,"column":77},"end":{"line":266,"column":112}}]},"11":{"line":307,"type":"if","locations":[{"start":{"line":307,"column":12},"end":{"line":307,"column":12}},{"start":{"line":307,"column":12},"end":{"line":307,"column":12}}]},"12":{"line":315,"type":"if","locations":[{"start":{"line":315,"column":20},"end":{"line":315,"column":20}},{"start":{"line":315,"column":20},"end":{"line":315,"column":20}}]},"13":{"line":347,"type":"if","locations":[{"start":{"line":347,"column":12},"end":{"line":347,"column":12}},{"start":{"line":347,"column":12},"end":{"line":347,"column":12}}]},"14":{"line":351,"type":"if","locations":[{"start":{"line":351,"column":16},"end":{"line":351,"column":16}},{"start":{"line":351,"column":16},"end":{"line":351,"column":16}}]},"15":{"line":356,"type":"binary-expr","locations":[{"start":{"line":356,"column":27},"end":{"line":356,"column":43}},{"start":{"line":356,"column":47},"end":{"line":356,"column":67}}]},"16":{"line":360,"type":"if","locations":[{"start":{"line":360,"column":24},"end":{"line":360,"column":24}},{"start":{"line":360,"column":24},"end":{"line":360,"column":24}}]},"17":{"line":391,"type":"if","locations":[{"start":{"line":391,"column":12},"end":{"line":391,"column":12}},{"start":{"line":391,"column":12},"end":{"line":391,"column":12}}]},"18":{"line":393,"type":"if","locations":[{"start":{"line":393,"column":19},"end":{"line":393,"column":19}},{"start":{"line":393,"column":19},"end":{"line":393,"column":19}}]},"19":{"line":395,"type":"if","locations":[{"start":{"line":395,"column":20},"end":{"line":395,"column":20}},{"start":{"line":395,"column":20},"end":{"line":395,"column":20}}]},"20":{"line":397,"type":"if","locations":[{"start":{"line":397,"column":27},"end":{"line":397,"column":27}},{"start":{"line":397,"column":27},"end":{"line":397,"column":27}}]},"21":{"line":402,"type":"binary-expr","locations":[{"start":{"line":402,"column":31},"end":{"line":402,"column":47}},{"start":{"line":402,"column":51},"end":{"line":402,"column":79}}]},"22":{"line":406,"type":"binary-expr","locations":[{"start":{"line":406,"column":35},"end":{"line":406,"column":51}},{"start":{"line":406,"column":55},"end":{"line":406,"column":83}}]},"23":{"line":408,"type":"if","locations":[{"start":{"line":408,"column":32},"end":{"line":408,"column":32}},{"start":{"line":408,"column":32},"end":{"line":408,"column":32}}]},"24":{"line":441,"type":"if","locations":[{"start":{"line":441,"column":12},"end":{"line":441,"column":12}},{"start":{"line":441,"column":12},"end":{"line":441,"column":12}}]},"25":{"line":443,"type":"if","locations":[{"start":{"line":443,"column":12},"end":{"line":443,"column":12}},{"start":{"line":443,"column":12},"end":{"line":443,"column":12}}]},"26":{"line":443,"type":"binary-expr","locations":[{"start":{"line":443,"column":16},"end":{"line":443,"column":26}},{"start":{"line":443,"column":30},"end":{"line":443,"column":61}}]},"27":{"line":474,"type":"if","locations":[{"start":{"line":474,"column":12},"end":{"line":474,"column":12}},{"start":{"line":474,"column":12},"end":{"line":474,"column":12}}]},"28":{"line":476,"type":"if","locations":[{"start":{"line":476,"column":12},"end":{"line":476,"column":12}},{"start":{"line":476,"column":12},"end":{"line":476,"column":12}}]},"29":{"line":477,"type":"if","locations":[{"start":{"line":477,"column":12},"end":{"line":477,"column":12}},{"start":{"line":477,"column":12},"end":{"line":477,"column":12}}]},"30":{"line":478,"type":"if","locations":[{"start":{"line":478,"column":12},"end":{"line":478,"column":12}},{"start":{"line":478,"column":12},"end":{"line":478,"column":12}}]},"31":{"line":520,"type":"if","locations":[{"start":{"line":520,"column":12},"end":{"line":520,"column":12}},{"start":{"line":520,"column":12},"end":{"line":520,"column":12}}]},"32":{"line":522,"type":"if","locations":[{"start":{"line":522,"column":12},"end":{"line":522,"column":12}},{"start":{"line":522,"column":12},"end":{"line":522,"column":12}}]},"33":{"line":543,"type":"if","locations":[{"start":{"line":543,"column":12},"end":{"line":543,"column":12}},{"start":{"line":543,"column":12},"end":{"line":543,"column":12}}]},"34":{"line":545,"type":"if","locations":[{"start":{"line":545,"column":12},"end":{"line":545,"column":12}},{"start":{"line":545,"column":12},"end":{"line":545,"column":12}}]}}},"/home/jeff/git/friends-of-friends/lib/plugin.js":{"path":"/home/jeff/git/friends-of-friends/lib/plugin.js","s":{"1":1,"2":1,"3":3,"4":1,"5":1,"6":1,"7":1,"8":47,"9":47,"10":47,"11":47,"12":47,"13":1,"14":46,"15":2,"16":2,"17":2,"18":0,"19":2,"20":44,"21":44,"22":1,"23":5,"24":5,"25":5,"26":5,"27":1,"28":4,"29":1,"30":9,"31":9,"32":9,"33":9,"34":1,"35":8,"36":1,"37":17,"38":17,"39":17,"40":17,"41":1,"42":16,"43":1,"44":37,"45":37,"46":37,"47":37,"48":2,"49":35,"50":1,"51":2,"52":1,"53":2,"54":1,"55":2,"56":2,"57":1,"58":11,"59":11,"60":5,"61":11,"62":11,"63":11,"64":11,"65":11,"66":11,"67":1,"68":10,"69":10,"70":1,"71":15,"72":15,"73":9,"74":15,"75":15,"76":15,"77":15,"78":15,"79":15,"80":1,"81":14,"82":14,"83":1,"84":11,"85":11,"86":5,"87":11,"88":11,"89":11,"90":11,"91":11,"92":11,"93":1,"94":10,"95":10,"96":1,"97":16,"98":16,"99":8,"100":16,"101":16,"102":16,"103":16,"104":16,"105":16,"106":16,"107":16,"108":16,"109":16,"110":16,"111":1,"112":12,"113":1,"114":12,"115":1,"116":8,"117":8,"118":1,"119":2,"120":2,"121":2,"122":2,"123":1,"124":12,"125":12,"126":1,"127":12,"128":12,"129":1,"130":12,"131":12,"132":1,"133":20,"134":20,"135":1,"136":2,"137":2,"138":1,"139":4,"140":4,"141":1,"142":8,"143":8,"144":1,"145":15,"146":15,"147":1,"148":1,"149":1,"150":1,"151":1,"152":1,"153":1,"154":1,"155":1,"156":1,"157":2,"158":2,"159":1,"160":4,"161":4,"162":1,"163":2,"164":2,"165":1,"166":4,"167":4,"168":1,"169":6,"170":6,"171":1,"172":6,"173":6,"174":1,"175":3,"176":3,"177":1,"178":1,"179":1,"180":1,"181":6,"182":6,"183":1,"184":6,"185":6,"186":1,"187":6,"188":6},"b":{"1":[1,46],"2":[2,44],"3":[1,1],"4":[0,2],"5":[1,4],"6":[1,8],"7":[1,16],"8":[2,35],"9":[5,6],"10":[1,10],"11":[1,10],"12":[9,6],"13":[1,14],"14":[1,14],"15":[5,6],"16":[1,10],"17":[1,10],"18":[8,8],"19":[1,15]},"f":{"1":3,"2":1,"3":47,"4":47,"5":2,"6":44,"7":5,"8":5,"9":9,"10":9,"11":17,"12":17,"13":37,"14":37,"15":2,"16":2,"17":2,"18":11,"19":11,"20":15,"21":15,"22":11,"23":11,"24":16,"25":16,"26":16,"27":16,"28":12,"29":12,"30":8,"31":2,"32":2,"33":12,"34":12,"35":12,"36":20,"37":2,"38":4,"39":8,"40":15,"41":1,"42":1,"43":1,"44":2,"45":4,"46":2,"47":4,"48":6,"49":6,"50":3,"51":1,"52":6,"53":6,"54":6},"fnMap":{"1":{"name":"pluginInit","line":7,"loc":{"start":{"line":7,"column":17},"end":{"line":7,"column":48}}},"2":{"name":"friendshipPlugin","line":9,"loc":{"start":{"line":9,"column":11},"end":{"line":9,"column":61}}},"3":{"name":"(anonymous_3)","line":49,"loc":{"start":{"line":49,"column":39},"end":{"line":49,"column":81}}},"4":{"name":"(anonymous_4)","line":60,"loc":{"start":{"line":60,"column":43},"end":{"line":60,"column":70}}},"5":{"name":"(anonymous_5)","line":69,"loc":{"start":{"line":69,"column":76},"end":{"line":69,"column":112}}},"6":{"name":"(anonymous_6)","line":75,"loc":{"start":{"line":75,"column":52},"end":{"line":75,"column":86}}},"7":{"name":"(anonymous_7)","line":89,"loc":{"start":{"line":89,"column":37},"end":{"line":89,"column":63}}},"8":{"name":"(anonymous_8)","line":93,"loc":{"start":{"line":93,"column":45},"end":{"line":93,"column":70}}},"9":{"name":"(anonymous_9)","line":109,"loc":{"start":{"line":109,"column":41},"end":{"line":109,"column":67}}},"10":{"name":"(anonymous_10)","line":114,"loc":{"start":{"line":114,"column":49},"end":{"line":114,"column":78}}},"11":{"name":"(anonymous_11)","line":130,"loc":{"start":{"line":130,"column":45},"end":{"line":130,"column":71}}},"12":{"name":"(anonymous_12)","line":135,"loc":{"start":{"line":135,"column":53},"end":{"line":135,"column":86}}},"13":{"name":"(anonymous_13)","line":152,"loc":{"start":{"line":152,"column":39},"end":{"line":152,"column":81}}},"14":{"name":"(anonymous_14)","line":157,"loc":{"start":{"line":157,"column":63},"end":{"line":157,"column":90}}},"15":{"name":"(anonymous_15)","line":174,"loc":{"start":{"line":174,"column":39},"end":{"line":174,"column":81}}},"16":{"name":"(anonymous_16)","line":186,"loc":{"start":{"line":186,"column":37},"end":{"line":186,"column":79}}},"17":{"name":"(anonymous_17)","line":198,"loc":{"start":{"line":198,"column":39},"end":{"line":198,"column":77}}},"18":{"name":"(anonymous_18)","line":218,"loc":{"start":{"line":218,"column":36},"end":{"line":218,"column":74}}},"19":{"name":"(anonymous_19)","line":235,"loc":{"start":{"line":235,"column":44},"end":{"line":235,"column":70}}},"20":{"name":"(anonymous_20)","line":254,"loc":{"start":{"line":254,"column":45},"end":{"line":254,"column":83}}},"21":{"name":"(anonymous_21)","line":272,"loc":{"start":{"line":272,"column":53},"end":{"line":272,"column":88}}},"22":{"name":"(anonymous_22)","line":291,"loc":{"start":{"line":291,"column":43},"end":{"line":291,"column":81}}},"23":{"name":"(anonymous_23)","line":308,"loc":{"start":{"line":308,"column":51},"end":{"line":308,"column":84}}},"24":{"name":"(anonymous_24)","line":326,"loc":{"start":{"line":326,"column":39},"end":{"line":326,"column":77}}},"25":{"name":"(anonymous_25)","line":344,"loc":{"start":{"line":344,"column":25},"end":{"line":344,"column":45}}},"26":{"name":"(anonymous_26)","line":347,"loc":{"start":{"line":347,"column":34},"end":{"line":347,"column":54}}},"27":{"name":"(anonymous_27)","line":350,"loc":{"start":{"line":350,"column":15},"end":{"line":350,"column":39}}},"28":{"name":"(anonymous_28)","line":372,"loc":{"start":{"line":372,"column":36},"end":{"line":372,"column":74}}},"29":{"name":"(anonymous_29)","line":384,"loc":{"start":{"line":384,"column":45},"end":{"line":384,"column":83}}},"30":{"name":"(anonymous_30)","line":394,"loc":{"start":{"line":394,"column":43},"end":{"line":394,"column":81}}},"31":{"name":"(anonymous_31)","line":407,"loc":{"start":{"line":407,"column":39},"end":{"line":407,"column":77}}},"32":{"name":"(anonymous_32)","line":412,"loc":{"start":{"line":412,"column":59},"end":{"line":412,"column":86}}},"33":{"name":"(anonymous_33)","line":425,"loc":{"start":{"line":425,"column":41},"end":{"line":425,"column":79}}},"34":{"name":"(anonymous_34)","line":438,"loc":{"start":{"line":438,"column":37},"end":{"line":438,"column":77}}},"35":{"name":"(anonymous_35)","line":450,"loc":{"start":{"line":450,"column":37},"end":{"line":450,"column":77}}},"36":{"name":"(anonymous_36)","line":478,"loc":{"start":{"line":478,"column":39},"end":{"line":478,"column":68}}},"37":{"name":"(anonymous_37)","line":489,"loc":{"start":{"line":489,"column":37},"end":{"line":489,"column":53}}},"38":{"name":"(anonymous_38)","line":500,"loc":{"start":{"line":500,"column":41},"end":{"line":500,"column":57}}},"39":{"name":"(anonymous_39)","line":511,"loc":{"start":{"line":511,"column":45},"end":{"line":511,"column":61}}},"40":{"name":"(anonymous_40)","line":523,"loc":{"start":{"line":523,"column":39},"end":{"line":523,"column":68}}},"41":{"name":"(anonymous_41)","line":535,"loc":{"start":{"line":535,"column":39},"end":{"line":535,"column":68}}},"42":{"name":"(anonymous_42)","line":547,"loc":{"start":{"line":547,"column":37},"end":{"line":547,"column":66}}},"43":{"name":"(anonymous_43)","line":558,"loc":{"start":{"line":558,"column":39},"end":{"line":558,"column":65}}},"44":{"name":"(anonymous_44)","line":569,"loc":{"start":{"line":569,"column":36},"end":{"line":569,"column":64}}},"45":{"name":"(anonymous_45)","line":580,"loc":{"start":{"line":580,"column":45},"end":{"line":580,"column":73}}},"46":{"name":"(anonymous_46)","line":592,"loc":{"start":{"line":592,"column":43},"end":{"line":592,"column":71}}},"47":{"name":"(anonymous_47)","line":603,"loc":{"start":{"line":603,"column":39},"end":{"line":603,"column":67}}},"48":{"name":"(anonymous_48)","line":615,"loc":{"start":{"line":615,"column":34},"end":{"line":615,"column":60}}},"49":{"name":"(anonymous_49)","line":627,"loc":{"start":{"line":627,"column":43},"end":{"line":627,"column":69}}},"50":{"name":"(anonymous_50)","line":637,"loc":{"start":{"line":637,"column":41},"end":{"line":637,"column":67}}},"51":{"name":"(anonymous_51)","line":649,"loc":{"start":{"line":649,"column":39},"end":{"line":649,"column":65}}},"52":{"name":"(anonymous_52)","line":661,"loc":{"start":{"line":661,"column":41},"end":{"line":661,"column":67}}},"53":{"name":"(anonymous_53)","line":673,"loc":{"start":{"line":673,"column":37},"end":{"line":673,"column":67}}},"54":{"name":"(anonymous_54)","line":685,"loc":{"start":{"line":685,"column":37},"end":{"line":685,"column":67}}}},"statementMap":{"1":{"start":{"line":2,"column":0},"end":{"line":5,"column":44}},"2":{"start":{"line":7,"column":0},"end":{"line":690,"column":1}},"3":{"start":{"line":9,"column":4},"end":{"line":689,"column":6}},"4":{"start":{"line":13,"column":8},"end":{"line":13,"column":45}},"5":{"start":{"line":15,"column":8},"end":{"line":15,"column":69}},"6":{"start":{"line":40,"column":8},"end":{"line":40,"column":53}},"7":{"start":{"line":49,"column":8},"end":{"line":80,"column":10}},"8":{"start":{"line":50,"column":12},"end":{"line":50,"column":47}},"9":{"start":{"line":52,"column":12},"end":{"line":52,"column":76}},"10":{"start":{"line":54,"column":12},"end":{"line":57,"column":14}},"11":{"start":{"line":60,"column":12},"end":{"line":79,"column":15}},"12":{"start":{"line":61,"column":16},"end":{"line":78,"column":17}},"13":{"start":{"line":62,"column":20},"end":{"line":62,"column":30}},"14":{"start":{"line":63,"column":23},"end":{"line":78,"column":17}},"15":{"start":{"line":64,"column":20},"end":{"line":67,"column":22}},"16":{"start":{"line":69,"column":20},"end":{"line":73,"column":22}},"17":{"start":{"line":70,"column":24},"end":{"line":70,"column":50}},"18":{"start":{"line":70,"column":33},"end":{"line":70,"column":50}},"19":{"start":{"line":72,"column":24},"end":{"line":72,"column":56}},"20":{"start":{"line":75,"column":20},"end":{"line":77,"column":22}},"21":{"start":{"line":76,"column":24},"end":{"line":76,"column":93}},"22":{"start":{"line":89,"column":8},"end":{"line":100,"column":10}},"23":{"start":{"line":90,"column":12},"end":{"line":90,"column":44}},"24":{"start":{"line":91,"column":12},"end":{"line":91,"column":76}},"25":{"start":{"line":93,"column":12},"end":{"line":99,"column":15}},"26":{"start":{"line":94,"column":16},"end":{"line":98,"column":17}},"27":{"start":{"line":95,"column":20},"end":{"line":95,"column":29}},"28":{"start":{"line":97,"column":20},"end":{"line":97,"column":128}},"29":{"start":{"line":109,"column":8},"end":{"line":121,"column":10}},"30":{"start":{"line":110,"column":12},"end":{"line":110,"column":48}},"31":{"start":{"line":112,"column":12},"end":{"line":112,"column":76}},"32":{"start":{"line":114,"column":12},"end":{"line":120,"column":14}},"33":{"start":{"line":115,"column":16},"end":{"line":119,"column":17}},"34":{"start":{"line":116,"column":20},"end":{"line":116,"column":29}},"35":{"start":{"line":118,"column":20},"end":{"line":118,"column":84}},"36":{"start":{"line":130,"column":8},"end":{"line":142,"column":10}},"37":{"start":{"line":131,"column":12},"end":{"line":131,"column":52}},"38":{"start":{"line":133,"column":12},"end":{"line":133,"column":76}},"39":{"start":{"line":135,"column":12},"end":{"line":141,"column":15}},"40":{"start":{"line":136,"column":16},"end":{"line":140,"column":17}},"41":{"start":{"line":137,"column":20},"end":{"line":137,"column":30}},"42":{"start":{"line":139,"column":20},"end":{"line":139,"column":88}},"43":{"start":{"line":152,"column":8},"end":{"line":164,"column":10}},"44":{"start":{"line":153,"column":12},"end":{"line":153,"column":46}},"45":{"start":{"line":155,"column":12},"end":{"line":155,"column":76}},"46":{"start":{"line":157,"column":12},"end":{"line":163,"column":15}},"47":{"start":{"line":158,"column":16},"end":{"line":162,"column":17}},"48":{"start":{"line":159,"column":20},"end":{"line":159,"column":30}},"49":{"start":{"line":161,"column":20},"end":{"line":161,"column":82}},"50":{"start":{"line":174,"column":8},"end":{"line":176,"column":10}},"51":{"start":{"line":175,"column":13},"end":{"line":175,"column":70}},"52":{"start":{"line":186,"column":8},"end":{"line":188,"column":10}},"53":{"start":{"line":187,"column":13},"end":{"line":187,"column":68}},"54":{"start":{"line":198,"column":8},"end":{"line":208,"column":10}},"55":{"start":{"line":199,"column":12},"end":{"line":205,"column":14}},"56":{"start":{"line":207,"column":12},"end":{"line":207,"column":47}},"57":{"start":{"line":218,"column":8},"end":{"line":243,"column":10}},"58":{"start":{"line":219,"column":12},"end":{"line":219,"column":43}},"59":{"start":{"line":221,"column":13},"end":{"line":223,"column":13}},"60":{"start":{"line":222,"column":16},"end":{"line":222,"column":34}},"61":{"start":{"line":225,"column":12},"end":{"line":225,"column":69}},"62":{"start":{"line":227,"column":12},"end":{"line":229,"column":57}},"63":{"start":{"line":231,"column":12},"end":{"line":231,"column":63}},"64":{"start":{"line":233,"column":12},"end":{"line":233,"column":76}},"65":{"start":{"line":235,"column":12},"end":{"line":242,"column":15}},"66":{"start":{"line":236,"column":16},"end":{"line":241,"column":17}},"67":{"start":{"line":237,"column":20},"end":{"line":237,"column":30}},"68":{"start":{"line":239,"column":20},"end":{"line":239,"column":58}},"69":{"start":{"line":240,"column":20},"end":{"line":240,"column":76}},"70":{"start":{"line":254,"column":8},"end":{"line":280,"column":10}},"71":{"start":{"line":255,"column":12},"end":{"line":255,"column":52}},"72":{"start":{"line":257,"column":12},"end":{"line":259,"column":13}},"73":{"start":{"line":258,"column":16},"end":{"line":258,"column":34}},"74":{"start":{"line":261,"column":12},"end":{"line":261,"column":69}},"75":{"start":{"line":263,"column":12},"end":{"line":265,"column":57}},"76":{"start":{"line":267,"column":12},"end":{"line":267,"column":63}},"77":{"start":{"line":269,"column":12},"end":{"line":269,"column":76}},"78":{"start":{"line":272,"column":12},"end":{"line":279,"column":15}},"79":{"start":{"line":273,"column":16},"end":{"line":278,"column":17}},"80":{"start":{"line":274,"column":20},"end":{"line":274,"column":30}},"81":{"start":{"line":276,"column":20},"end":{"line":276,"column":67}},"82":{"start":{"line":277,"column":20},"end":{"line":277,"column":76}},"83":{"start":{"line":291,"column":8},"end":{"line":316,"column":9}},"84":{"start":{"line":292,"column":12},"end":{"line":292,"column":52}},"85":{"start":{"line":294,"column":12},"end":{"line":296,"column":13}},"86":{"start":{"line":295,"column":16},"end":{"line":295,"column":34}},"87":{"start":{"line":298,"column":12},"end":{"line":298,"column":69}},"88":{"start":{"line":300,"column":12},"end":{"line":302,"column":57}},"89":{"start":{"line":304,"column":12},"end":{"line":304,"column":63}},"90":{"start":{"line":306,"column":12},"end":{"line":306,"column":76}},"91":{"start":{"line":308,"column":12},"end":{"line":315,"column":14}},"92":{"start":{"line":309,"column":16},"end":{"line":314,"column":17}},"93":{"start":{"line":310,"column":20},"end":{"line":310,"column":30}},"94":{"start":{"line":312,"column":20},"end":{"line":312,"column":65}},"95":{"start":{"line":313,"column":20},"end":{"line":313,"column":76}},"96":{"start":{"line":326,"column":8},"end":{"line":362,"column":10}},"97":{"start":{"line":327,"column":12},"end":{"line":327,"column":47}},"98":{"start":{"line":329,"column":12},"end":{"line":331,"column":13}},"99":{"start":{"line":330,"column":16},"end":{"line":330,"column":34}},"100":{"start":{"line":333,"column":12},"end":{"line":333,"column":69}},"101":{"start":{"line":335,"column":12},"end":{"line":337,"column":57}},"102":{"start":{"line":339,"column":12},"end":{"line":339,"column":63}},"103":{"start":{"line":341,"column":12},"end":{"line":341,"column":76}},"104":{"start":{"line":343,"column":12},"end":{"line":361,"column":15}},"105":{"start":{"line":345,"column":20},"end":{"line":345,"column":62}},"106":{"start":{"line":348,"column":20},"end":{"line":348,"column":71}},"107":{"start":{"line":352,"column":16},"end":{"line":352,"column":68}},"108":{"start":{"line":353,"column":16},"end":{"line":353,"column":93}},"109":{"start":{"line":354,"column":16},"end":{"line":357,"column":18}},"110":{"start":{"line":359,"column":16},"end":{"line":359,"column":72}},"111":{"start":{"line":372,"column":8},"end":{"line":374,"column":10}},"112":{"start":{"line":373,"column":13},"end":{"line":373,"column":63}},"113":{"start":{"line":384,"column":8},"end":{"line":386,"column":10}},"114":{"start":{"line":385,"column":13},"end":{"line":385,"column":72}},"115":{"start":{"line":394,"column":8},"end":{"line":397,"column":10}},"116":{"start":{"line":395,"column":12},"end":{"line":395,"column":50}},"117":{"start":{"line":396,"column":12},"end":{"line":396,"column":69}},"118":{"start":{"line":407,"column":8},"end":{"line":415,"column":10}},"119":{"start":{"line":408,"column":12},"end":{"line":408,"column":46}},"120":{"start":{"line":410,"column":12},"end":{"line":410,"column":76}},"121":{"start":{"line":412,"column":12},"end":{"line":414,"column":15}},"122":{"start":{"line":413,"column":16},"end":{"line":413,"column":78}},"123":{"start":{"line":425,"column":8},"end":{"line":429,"column":10}},"124":{"start":{"line":426,"column":12},"end":{"line":426,"column":49}},"125":{"start":{"line":428,"column":12},"end":{"line":428,"column":67}},"126":{"start":{"line":438,"column":8},"end":{"line":441,"column":10}},"127":{"start":{"line":439,"column":12},"end":{"line":439,"column":45}},"128":{"start":{"line":440,"column":12},"end":{"line":440,"column":65}},"129":{"start":{"line":450,"column":8},"end":{"line":453,"column":10}},"130":{"start":{"line":451,"column":12},"end":{"line":451,"column":45}},"131":{"start":{"line":452,"column":12},"end":{"line":452,"column":65}},"132":{"start":{"line":478,"column":8},"end":{"line":481,"column":10}},"133":{"start":{"line":479,"column":12},"end":{"line":479,"column":49}},"134":{"start":{"line":480,"column":12},"end":{"line":480,"column":72}},"135":{"start":{"line":489,"column":8},"end":{"line":492,"column":10}},"136":{"start":{"line":490,"column":12},"end":{"line":490,"column":48}},"137":{"start":{"line":491,"column":12},"end":{"line":491,"column":57}},"138":{"start":{"line":500,"column":8},"end":{"line":503,"column":10}},"139":{"start":{"line":501,"column":12},"end":{"line":501,"column":52}},"140":{"start":{"line":502,"column":12},"end":{"line":502,"column":61}},"141":{"start":{"line":511,"column":8},"end":{"line":514,"column":10}},"142":{"start":{"line":512,"column":12},"end":{"line":512,"column":56}},"143":{"start":{"line":513,"column":12},"end":{"line":513,"column":65}},"144":{"start":{"line":523,"column":8},"end":{"line":526,"column":10}},"145":{"start":{"line":524,"column":12},"end":{"line":524,"column":50}},"146":{"start":{"line":525,"column":12},"end":{"line":525,"column":72}},"147":{"start":{"line":535,"column":8},"end":{"line":538,"column":10}},"148":{"start":{"line":536,"column":12},"end":{"line":536,"column":50}},"149":{"start":{"line":537,"column":12},"end":{"line":537,"column":72}},"150":{"start":{"line":547,"column":8},"end":{"line":550,"column":10}},"151":{"start":{"line":548,"column":12},"end":{"line":548,"column":48}},"152":{"start":{"line":549,"column":12},"end":{"line":549,"column":70}},"153":{"start":{"line":558,"column":8},"end":{"line":561,"column":10}},"154":{"start":{"line":559,"column":12},"end":{"line":559,"column":50}},"155":{"start":{"line":560,"column":12},"end":{"line":560,"column":69}},"156":{"start":{"line":569,"column":8},"end":{"line":572,"column":10}},"157":{"start":{"line":570,"column":12},"end":{"line":570,"column":47}},"158":{"start":{"line":571,"column":12},"end":{"line":571,"column":68}},"159":{"start":{"line":580,"column":8},"end":{"line":583,"column":10}},"160":{"start":{"line":581,"column":12},"end":{"line":581,"column":56}},"161":{"start":{"line":582,"column":12},"end":{"line":582,"column":77}},"162":{"start":{"line":592,"column":8},"end":{"line":595,"column":10}},"163":{"start":{"line":593,"column":12},"end":{"line":593,"column":54}},"164":{"start":{"line":594,"column":12},"end":{"line":594,"column":75}},"165":{"start":{"line":603,"column":8},"end":{"line":606,"column":10}},"166":{"start":{"line":604,"column":12},"end":{"line":604,"column":50}},"167":{"start":{"line":605,"column":12},"end":{"line":605,"column":71}},"168":{"start":{"line":615,"column":8},"end":{"line":618,"column":10}},"169":{"start":{"line":616,"column":12},"end":{"line":616,"column":45}},"170":{"start":{"line":617,"column":12},"end":{"line":617,"column":66}},"171":{"start":{"line":627,"column":8},"end":{"line":630,"column":10}},"172":{"start":{"line":628,"column":12},"end":{"line":628,"column":54}},"173":{"start":{"line":629,"column":12},"end":{"line":629,"column":75}},"174":{"start":{"line":637,"column":8},"end":{"line":640,"column":10}},"175":{"start":{"line":638,"column":12},"end":{"line":638,"column":52}},"176":{"start":{"line":639,"column":12},"end":{"line":639,"column":73}},"177":{"start":{"line":649,"column":8},"end":{"line":652,"column":10}},"178":{"start":{"line":650,"column":12},"end":{"line":650,"column":50}},"179":{"start":{"line":651,"column":12},"end":{"line":651,"column":69}},"180":{"start":{"line":661,"column":8},"end":{"line":664,"column":10}},"181":{"start":{"line":662,"column":12},"end":{"line":662,"column":52}},"182":{"start":{"line":663,"column":12},"end":{"line":663,"column":71}},"183":{"start":{"line":673,"column":8},"end":{"line":676,"column":10}},"184":{"start":{"line":674,"column":12},"end":{"line":674,"column":48}},"185":{"start":{"line":675,"column":12},"end":{"line":675,"column":71}},"186":{"start":{"line":685,"column":8},"end":{"line":688,"column":9}},"187":{"start":{"line":686,"column":12},"end":{"line":686,"column":48}},"188":{"start":{"line":687,"column":12},"end":{"line":687,"column":71}}},"branchMap":{"1":{"line":61,"type":"if","locations":[{"start":{"line":61,"column":16},"end":{"line":61,"column":16}},{"start":{"line":61,"column":16},"end":{"line":61,"column":16}}]},"2":{"line":63,"type":"if","locations":[{"start":{"line":63,"column":23},"end":{"line":63,"column":23}},{"start":{"line":63,"column":23},"end":{"line":63,"column":23}}]},"3":{"line":64,"type":"cond-expr","locations":[{"start":{"line":65,"column":26},"end":{"line":65,"column":60}},{"start":{"line":66,"column":26},"end":{"line":66,"column":71}}]},"4":{"line":70,"type":"if","locations":[{"start":{"line":70,"column":24},"end":{"line":70,"column":24}},{"start":{"line":70,"column":24},"end":{"line":70,"column":24}}]},"5":{"line":94,"type":"if","locations":[{"start":{"line":94,"column":16},"end":{"line":94,"column":16}},{"start":{"line":94,"column":16},"end":{"line":94,"column":16}}]},"6":{"line":115,"type":"if","locations":[{"start":{"line":115,"column":16},"end":{"line":115,"column":16}},{"start":{"line":115,"column":16},"end":{"line":115,"column":16}}]},"7":{"line":136,"type":"if","locations":[{"start":{"line":136,"column":16},"end":{"line":136,"column":16}},{"start":{"line":136,"column":16},"end":{"line":136,"column":16}}]},"8":{"line":158,"type":"if","locations":[{"start":{"line":158,"column":16},"end":{"line":158,"column":16}},{"start":{"line":158,"column":16},"end":{"line":158,"column":16}}]},"9":{"line":221,"type":"if","locations":[{"start":{"line":221,"column":13},"end":{"line":221,"column":13}},{"start":{"line":221,"column":13},"end":{"line":221,"column":13}}]},"10":{"line":227,"type":"cond-expr","locations":[{"start":{"line":228,"column":18},"end":{"line":228,"column":39}},{"start":{"line":229,"column":18},"end":{"line":229,"column":57}}]},"11":{"line":236,"type":"if","locations":[{"start":{"line":236,"column":16},"end":{"line":236,"column":16}},{"start":{"line":236,"column":16},"end":{"line":236,"column":16}}]},"12":{"line":257,"type":"if","locations":[{"start":{"line":257,"column":12},"end":{"line":257,"column":12}},{"start":{"line":257,"column":12},"end":{"line":257,"column":12}}]},"13":{"line":263,"type":"cond-expr","locations":[{"start":{"line":264,"column":18},"end":{"line":264,"column":39}},{"start":{"line":265,"column":18},"end":{"line":265,"column":57}}]},"14":{"line":273,"type":"if","locations":[{"start":{"line":273,"column":16},"end":{"line":273,"column":16}},{"start":{"line":273,"column":16},"end":{"line":273,"column":16}}]},"15":{"line":294,"type":"if","locations":[{"start":{"line":294,"column":12},"end":{"line":294,"column":12}},{"start":{"line":294,"column":12},"end":{"line":294,"column":12}}]},"16":{"line":300,"type":"cond-expr","locations":[{"start":{"line":301,"column":18},"end":{"line":301,"column":39}},{"start":{"line":302,"column":18},"end":{"line":302,"column":57}}]},"17":{"line":309,"type":"if","locations":[{"start":{"line":309,"column":16},"end":{"line":309,"column":16}},{"start":{"line":309,"column":16},"end":{"line":309,"column":16}}]},"18":{"line":329,"type":"if","locations":[{"start":{"line":329,"column":12},"end":{"line":329,"column":12}},{"start":{"line":329,"column":12},"end":{"line":329,"column":12}}]},"19":{"line":335,"type":"cond-expr","locations":[{"start":{"line":336,"column":18},"end":{"line":336,"column":39}},{"start":{"line":337,"column":18},"end":{"line":337,"column":57}}]}}}}