{"/home/jeff/git/friends-of-friends/lib/friendship.js":{"path":"/home/jeff/git/friends-of-friends/lib/friendship.js","s":{"1":1,"2":1,"3":3,"4":3,"5":3,"6":3,"7":3,"8":3,"9":3,"10":7,"11":7,"12":7,"13":7,"14":7,"15":7,"16":7,"17":1,"18":6,"19":6,"20":6,"21":3,"22":18,"23":18,"24":18,"25":3,"26":26,"27":26,"28":26,"29":3,"30":54,"31":54,"32":54,"33":54,"34":54,"35":54,"36":54,"37":1,"38":53,"39":52,"40":1,"41":3,"42":3,"43":3,"44":3,"45":3,"46":3,"47":3,"48":3,"49":3,"50":159,"51":159,"52":159,"53":159,"54":159,"55":7,"56":152,"57":152,"58":168,"59":168,"60":89,"61":79,"62":152,"63":152,"64":3,"65":20,"66":20,"67":20,"68":20,"69":1,"70":19,"71":4,"72":15,"73":15,"74":20,"75":30,"76":10,"77":10,"78":20,"79":15,"80":1,"81":20,"82":3,"83":15,"84":15,"85":15,"86":15,"87":15,"88":1,"89":14,"90":14,"91":6,"92":6,"93":3,"94":3,"95":14,"96":14,"97":3,"98":35,"99":35,"100":35,"101":35,"102":35,"103":2,"104":33,"105":30,"106":30,"107":32,"108":10,"109":32,"110":33,"111":3,"112":36,"113":36,"114":36,"115":36,"116":36,"117":2,"118":34,"119":33,"120":33,"121":1,"122":32,"123":19,"124":19,"125":25,"126":25,"127":31,"128":7,"129":31,"130":25,"131":19,"132":13,"133":1,"134":3,"135":30,"136":30,"137":30,"138":30,"139":4,"140":26,"141":4,"142":22,"143":3,"144":18,"145":18,"146":18,"147":18,"148":18,"149":18,"150":18,"151":1,"152":17,"153":6,"154":11,"155":1,"156":10,"157":3,"158":7,"159":3,"160":34,"161":34,"162":34,"163":34,"164":3,"165":22,"166":22,"167":22,"168":22,"169":3,"170":19,"171":3,"172":16,"173":3,"174":22,"175":22,"176":22,"177":22,"178":3,"179":19,"180":3,"181":16,"182":3,"183":4,"184":3,"185":4,"186":3,"187":3,"188":3,"189":2,"190":3},"b":{"1":[1,6],"2":[1,53],"3":[52,1],"4":[7,152],"5":[89,79],"6":[1,19],"7":[4,15],"8":[10,20],"9":[30,30],"10":[1,14],"11":[3,3],"12":[2,33],"13":[30,3],"14":[62,52],"15":[10,22],"16":[2,34],"17":[33,1],"18":[1,32],"19":[19,13],"20":[44,37],"21":[56,49],"22":[7,24],"23":[4,26],"24":[4,22],"25":[26,13],"26":[1,17],"27":[6,11],"28":[1,10],"29":[3,7],"30":[3,19],"31":[3,16],"32":[3,19],"33":[3,16]},"f":{"1":3,"2":7,"3":7,"4":7,"5":7,"6":18,"7":26,"8":54,"9":54,"10":3,"11":3,"12":159,"13":159,"14":168,"15":20,"16":20,"17":15,"18":20,"19":30,"20":20,"21":15,"22":15,"23":6,"24":35,"25":35,"26":36,"27":36,"28":33,"29":30,"30":30,"31":18,"32":18,"33":18,"34":18,"35":18,"36":34,"37":22,"38":22,"39":22,"40":22,"41":4,"42":4},"fnMap":{"1":{"name":"friendshipInit","line":13,"loc":{"start":{"line":13,"column":17},"end":{"line":13,"column":50}}},"2":{"name":"(anonymous_2)","line":53,"loc":{"start":{"line":53,"column":43},"end":{"line":53,"column":70}}},"3":{"name":"(anonymous_3)","line":64,"loc":{"start":{"line":64,"column":18},"end":{"line":64,"column":38}}},"4":{"name":"(anonymous_4)","line":67,"loc":{"start":{"line":67,"column":22},"end":{"line":67,"column":42}}},"5":{"name":"(anonymous_5)","line":71,"loc":{"start":{"line":71,"column":8},"end":{"line":71,"column":32}}},"6":{"name":"(anonymous_6)","line":87,"loc":{"start":{"line":87,"column":47},"end":{"line":87,"column":74}}},"7":{"name":"(anonymous_7)","line":104,"loc":{"start":{"line":104,"column":51},"end":{"line":104,"column":78}}},"8":{"name":"(anonymous_8)","line":122,"loc":{"start":{"line":122,"column":45},"end":{"line":122,"column":85}}},"9":{"name":"(anonymous_9)","line":142,"loc":{"start":{"line":142,"column":51},"end":{"line":142,"column":78}}},"10":{"name":"(anonymous_10)","line":160,"loc":{"start":{"line":160,"column":45},"end":{"line":160,"column":85}}},"11":{"name":"(anonymous_11)","line":181,"loc":{"start":{"line":181,"column":43},"end":{"line":181,"column":83}}},"12":{"name":"(anonymous_12)","line":201,"loc":{"start":{"line":201,"column":42},"end":{"line":201,"column":69}}},"13":{"name":"(anonymous_13)","line":214,"loc":{"start":{"line":214,"column":30},"end":{"line":214,"column":58}}},"14":{"name":"(anonymous_14)","line":220,"loc":{"start":{"line":220,"column":36},"end":{"line":220,"column":58}}},"15":{"name":"(anonymous_15)","line":245,"loc":{"start":{"line":245,"column":51},"end":{"line":245,"column":78}}},"16":{"name":"(anonymous_16)","line":252,"loc":{"start":{"line":252,"column":35},"end":{"line":252,"column":61}}},"17":{"name":"(anonymous_17)","line":261,"loc":{"start":{"line":261,"column":49},"end":{"line":261,"column":73}}},"18":{"name":"(anonymous_18)","line":262,"loc":{"start":{"line":262,"column":36},"end":{"line":262,"column":62}}},"19":{"name":"(anonymous_19)","line":264,"loc":{"start":{"line":264,"column":47},"end":{"line":264,"column":75}}},"20":{"name":"eachFriend","line":278,"loc":{"start":{"line":278,"column":16},"end":{"line":278,"column":57}}},"21":{"name":"(anonymous_21)","line":292,"loc":{"start":{"line":292,"column":49},"end":{"line":292,"column":76}}},"22":{"name":"(anonymous_22)","line":305,"loc":{"start":{"line":305,"column":30},"end":{"line":305,"column":65}}},"23":{"name":"(anonymous_23)","line":311,"loc":{"start":{"line":311,"column":43},"end":{"line":311,"column":72}}},"24":{"name":"(anonymous_24)","line":337,"loc":{"start":{"line":337,"column":42},"end":{"line":337,"column":82}}},"25":{"name":"(anonymous_25)","line":345,"loc":{"start":{"line":345,"column":36},"end":{"line":345,"column":62}}},"26":{"name":"(anonymous_26)","line":382,"loc":{"start":{"line":382,"column":51},"end":{"line":382,"column":91}}},"27":{"name":"(anonymous_27)","line":389,"loc":{"start":{"line":389,"column":36},"end":{"line":389,"column":70}}},"28":{"name":"(anonymous_28)","line":393,"loc":{"start":{"line":393,"column":44},"end":{"line":393,"column":78}}},"29":{"name":"(anonymous_29)","line":434,"loc":{"start":{"line":434,"column":49},"end":{"line":434,"column":89}}},"30":{"name":"(anonymous_30)","line":439,"loc":{"start":{"line":439,"column":62},"end":{"line":439,"column":89}}},"31":{"name":"(anonymous_31)","line":457,"loc":{"start":{"line":457,"column":47},"end":{"line":457,"column":87}}},"32":{"name":"(anonymous_32)","line":463,"loc":{"start":{"line":463,"column":21},"end":{"line":463,"column":41}}},"33":{"name":"(anonymous_33)","line":466,"loc":{"start":{"line":466,"column":21},"end":{"line":466,"column":41}}},"34":{"name":"(anonymous_34)","line":469,"loc":{"start":{"line":469,"column":30},"end":{"line":469,"column":50}}},"35":{"name":"(anonymous_35)","line":472,"loc":{"start":{"line":472,"column":11},"end":{"line":472,"column":35}}},"36":{"name":"(anonymous_36)","line":491,"loc":{"start":{"line":491,"column":45},"end":{"line":491,"column":85}}},"37":{"name":"(anonymous_37)","line":513,"loc":{"start":{"line":513,"column":43},"end":{"line":513,"column":84}}},"38":{"name":"(anonymous_38)","line":518,"loc":{"start":{"line":518,"column":47},"end":{"line":518,"column":74}}},"39":{"name":"(anonymous_39)","line":536,"loc":{"start":{"line":536,"column":43},"end":{"line":536,"column":84}}},"40":{"name":"(anonymous_40)","line":541,"loc":{"start":{"line":541,"column":47},"end":{"line":541,"column":74}}},"41":{"name":"(anonymous_41)","line":563,"loc":{"start":{"line":563,"column":43},"end":{"line":563,"column":70}}},"42":{"name":"(anonymous_42)","line":574,"loc":{"start":{"line":574,"column":43},"end":{"line":574,"column":70}}}},"statementMap":{"1":{"start":{"line":2,"column":0},"end":{"line":6,"column":44}},"2":{"start":{"line":13,"column":0},"end":{"line":589,"column":2}},"3":{"start":{"line":15,"column":4},"end":{"line":18,"column":6}},"4":{"start":{"line":20,"column":4},"end":{"line":20,"column":46}},"5":{"start":{"line":22,"column":4},"end":{"line":22,"column":30}},"6":{"start":{"line":24,"column":4},"end":{"line":24,"column":50}},"7":{"start":{"line":26,"column":4},"end":{"line":32,"column":7}},"8":{"start":{"line":45,"column":4},"end":{"line":45,"column":59}},"9":{"start":{"line":53,"column":4},"end":{"line":79,"column":6}},"10":{"start":{"line":54,"column":8},"end":{"line":54,"column":28}},"11":{"start":{"line":56,"column":8},"end":{"line":56,"column":24}},"12":{"start":{"line":58,"column":8},"end":{"line":61,"column":10}},"13":{"start":{"line":63,"column":8},"end":{"line":78,"column":11}},"14":{"start":{"line":65,"column":16},"end":{"line":65,"column":58}},"15":{"start":{"line":68,"column":16},"end":{"line":68,"column":62}},"16":{"start":{"line":72,"column":12},"end":{"line":72,"column":38}},"17":{"start":{"line":72,"column":21},"end":{"line":72,"column":38}},"18":{"start":{"line":74,"column":12},"end":{"line":74,"column":41}},"19":{"start":{"line":75,"column":12},"end":{"line":75,"column":49}},"20":{"start":{"line":77,"column":12},"end":{"line":77,"column":33}},"21":{"start":{"line":87,"column":4},"end":{"line":96,"column":6}},"22":{"start":{"line":88,"column":8},"end":{"line":88,"column":32}},"23":{"start":{"line":90,"column":8},"end":{"line":93,"column":10}},"24":{"start":{"line":95,"column":8},"end":{"line":95,"column":36}},"25":{"start":{"line":104,"column":4},"end":{"line":113,"column":6}},"26":{"start":{"line":105,"column":8},"end":{"line":105,"column":36}},"27":{"start":{"line":107,"column":8},"end":{"line":110,"column":9}},"28":{"start":{"line":112,"column":8},"end":{"line":112,"column":36}},"29":{"start":{"line":122,"column":4},"end":{"line":151,"column":6}},"30":{"start":{"line":123,"column":8},"end":{"line":123,"column":30}},"31":{"start":{"line":125,"column":8},"end":{"line":125,"column":39}},"32":{"start":{"line":126,"column":8},"end":{"line":126,"column":39}},"33":{"start":{"line":129,"column":8},"end":{"line":135,"column":10}},"34":{"start":{"line":137,"column":8},"end":{"line":140,"column":10}},"35":{"start":{"line":142,"column":8},"end":{"line":150,"column":11}},"36":{"start":{"line":143,"column":12},"end":{"line":149,"column":13}},"37":{"start":{"line":144,"column":16},"end":{"line":144,"column":26}},"38":{"start":{"line":145,"column":19},"end":{"line":149,"column":13}},"39":{"start":{"line":146,"column":16},"end":{"line":146,"column":39}},"40":{"start":{"line":148,"column":16},"end":{"line":148,"column":78}},"41":{"start":{"line":160,"column":4},"end":{"line":172,"column":6}},"42":{"start":{"line":161,"column":8},"end":{"line":161,"column":30}},"43":{"start":{"line":163,"column":8},"end":{"line":169,"column":10}},"44":{"start":{"line":171,"column":8},"end":{"line":171,"column":38}},"45":{"start":{"line":181,"column":4},"end":{"line":193,"column":6}},"46":{"start":{"line":182,"column":8},"end":{"line":182,"column":28}},"47":{"start":{"line":184,"column":8},"end":{"line":190,"column":10}},"48":{"start":{"line":192,"column":8},"end":{"line":192,"column":38}},"49":{"start":{"line":201,"column":4},"end":{"line":237,"column":6}},"50":{"start":{"line":202,"column":8},"end":{"line":202,"column":27}},"51":{"start":{"line":204,"column":8},"end":{"line":204,"column":27}},"52":{"start":{"line":206,"column":8},"end":{"line":212,"column":10}},"53":{"start":{"line":214,"column":8},"end":{"line":236,"column":11}},"54":{"start":{"line":215,"column":12},"end":{"line":234,"column":13}},"55":{"start":{"line":216,"column":16},"end":{"line":216,"column":26}},"56":{"start":{"line":218,"column":16},"end":{"line":218,"column":50}},"57":{"start":{"line":220,"column":16},"end":{"line":229,"column":19}},"58":{"start":{"line":221,"column":20},"end":{"line":221,"column":52}},"59":{"start":{"line":223,"column":20},"end":{"line":227,"column":21}},"60":{"start":{"line":224,"column":24},"end":{"line":224,"column":61}},"61":{"start":{"line":226,"column":24},"end":{"line":226,"column":61}},"62":{"start":{"line":231,"column":16},"end":{"line":231,"column":46}},"63":{"start":{"line":233,"column":16},"end":{"line":233,"column":38}},"64":{"start":{"line":245,"column":4},"end":{"line":284,"column":6}},"65":{"start":{"line":246,"column":8},"end":{"line":246,"column":36}},"66":{"start":{"line":248,"column":8},"end":{"line":249,"column":26}},"67":{"start":{"line":252,"column":8},"end":{"line":283,"column":11}},"68":{"start":{"line":253,"column":12},"end":{"line":282,"column":13}},"69":{"start":{"line":254,"column":16},"end":{"line":254,"column":26}},"70":{"start":{"line":256,"column":19},"end":{"line":282,"column":13}},"71":{"start":{"line":257,"column":16},"end":{"line":257,"column":37}},"72":{"start":{"line":261,"column":16},"end":{"line":276,"column":18}},"73":{"start":{"line":262,"column":20},"end":{"line":273,"column":23}},"74":{"start":{"line":264,"column":24},"end":{"line":272,"column":26}},"75":{"start":{"line":265,"column":28},"end":{"line":271,"column":29}},"76":{"start":{"line":267,"column":32},"end":{"line":267,"column":64}},"77":{"start":{"line":268,"column":32},"end":{"line":268,"column":66}},"78":{"start":{"line":270,"column":32},"end":{"line":270,"column":75}},"79":{"start":{"line":275,"column":20},"end":{"line":275,"column":41}},"80":{"start":{"line":278,"column":16},"end":{"line":281,"column":17}},"81":{"start":{"line":280,"column":20},"end":{"line":280,"column":56}},"82":{"start":{"line":292,"column":4},"end":{"line":328,"column":6}},"83":{"start":{"line":293,"column":8},"end":{"line":293,"column":34}},"84":{"start":{"line":295,"column":8},"end":{"line":295,"column":27}},"85":{"start":{"line":297,"column":8},"end":{"line":303,"column":10}},"86":{"start":{"line":305,"column":8},"end":{"line":327,"column":11}},"87":{"start":{"line":306,"column":12},"end":{"line":325,"column":13}},"88":{"start":{"line":307,"column":16},"end":{"line":307,"column":26}},"89":{"start":{"line":309,"column":16},"end":{"line":309,"column":64}},"90":{"start":{"line":311,"column":16},"end":{"line":320,"column":19}},"91":{"start":{"line":312,"column":20},"end":{"line":312,"column":66}},"92":{"start":{"line":314,"column":20},"end":{"line":318,"column":21}},"93":{"start":{"line":315,"column":24},"end":{"line":315,"column":68}},"94":{"start":{"line":317,"column":24},"end":{"line":317,"column":68}},"95":{"start":{"line":322,"column":16},"end":{"line":322,"column":46}},"96":{"start":{"line":324,"column":16},"end":{"line":324,"column":38}},"97":{"start":{"line":337,"column":4},"end":{"line":373,"column":6}},"98":{"start":{"line":338,"column":8},"end":{"line":338,"column":27}},"99":{"start":{"line":340,"column":8},"end":{"line":340,"column":24}},"100":{"start":{"line":342,"column":8},"end":{"line":342,"column":27}},"101":{"start":{"line":345,"column":8},"end":{"line":372,"column":11}},"102":{"start":{"line":346,"column":12},"end":{"line":371,"column":13}},"103":{"start":{"line":347,"column":16},"end":{"line":347,"column":26}},"104":{"start":{"line":350,"column":16},"end":{"line":367,"column":17}},"105":{"start":{"line":352,"column":20},"end":{"line":352,"column":30}},"106":{"start":{"line":355,"column":20},"end":{"line":366,"column":21}},"107":{"start":{"line":359,"column":24},"end":{"line":362,"column":25}},"108":{"start":{"line":361,"column":28},"end":{"line":361,"column":42}},"109":{"start":{"line":365,"column":24},"end":{"line":365,"column":28}},"110":{"start":{"line":370,"column":16},"end":{"line":370,"column":34}},"111":{"start":{"line":382,"column":4},"end":{"line":426,"column":6}},"112":{"start":{"line":383,"column":8},"end":{"line":383,"column":36}},"113":{"start":{"line":385,"column":8},"end":{"line":385,"column":24}},"114":{"start":{"line":387,"column":8},"end":{"line":387,"column":27}},"115":{"start":{"line":389,"column":8},"end":{"line":425,"column":11}},"116":{"start":{"line":390,"column":12},"end":{"line":424,"column":13}},"117":{"start":{"line":391,"column":16},"end":{"line":391,"column":26}},"118":{"start":{"line":392,"column":19},"end":{"line":424,"column":13}},"119":{"start":{"line":393,"column":16},"end":{"line":421,"column":19}},"120":{"start":{"line":394,"column":20},"end":{"line":420,"column":21}},"121":{"start":{"line":395,"column":24},"end":{"line":395,"column":34}},"122":{"start":{"line":396,"column":27},"end":{"line":420,"column":21}},"123":{"start":{"line":398,"column":24},"end":{"line":398,"column":34}},"124":{"start":{"line":401,"column":24},"end":{"line":416,"column":25}},"125":{"start":{"line":402,"column":28},"end":{"line":402,"column":36}},"126":{"start":{"line":405,"column":28},"end":{"line":413,"column":29}},"127":{"start":{"line":407,"column":32},"end":{"line":410,"column":33}},"128":{"start":{"line":409,"column":36},"end":{"line":409,"column":50}},"129":{"start":{"line":412,"column":32},"end":{"line":412,"column":36}},"130":{"start":{"line":415,"column":28},"end":{"line":415,"column":32}},"131":{"start":{"line":417,"column":24},"end":{"line":417,"column":42}},"132":{"start":{"line":419,"column":24},"end":{"line":419,"column":42}},"133":{"start":{"line":423,"column":16},"end":{"line":423,"column":34}},"134":{"start":{"line":434,"column":4},"end":{"line":448,"column":5}},"135":{"start":{"line":435,"column":8},"end":{"line":435,"column":34}},"136":{"start":{"line":437,"column":8},"end":{"line":437,"column":69}},"137":{"start":{"line":439,"column":8},"end":{"line":447,"column":11}},"138":{"start":{"line":440,"column":12},"end":{"line":440,"column":38}},"139":{"start":{"line":440,"column":21},"end":{"line":440,"column":38}},"140":{"start":{"line":442,"column":12},"end":{"line":446,"column":13}},"141":{"start":{"line":443,"column":16},"end":{"line":443,"column":43}},"142":{"start":{"line":445,"column":16},"end":{"line":445,"column":34}},"143":{"start":{"line":457,"column":4},"end":{"line":482,"column":6}},"144":{"start":{"line":458,"column":8},"end":{"line":458,"column":33}},"145":{"start":{"line":460,"column":8},"end":{"line":460,"column":24}},"146":{"start":{"line":462,"column":8},"end":{"line":481,"column":11}},"147":{"start":{"line":464,"column":16},"end":{"line":464,"column":66}},"148":{"start":{"line":467,"column":16},"end":{"line":467,"column":73}},"149":{"start":{"line":470,"column":16},"end":{"line":470,"column":75}},"150":{"start":{"line":473,"column":12},"end":{"line":473,"column":38}},"151":{"start":{"line":473,"column":21},"end":{"line":473,"column":38}},"152":{"start":{"line":475,"column":12},"end":{"line":475,"column":85}},"153":{"start":{"line":475,"column":44},"end":{"line":475,"column":85}},"154":{"start":{"line":476,"column":12},"end":{"line":476,"column":93}},"155":{"start":{"line":476,"column":44},"end":{"line":476,"column":93}},"156":{"start":{"line":477,"column":12},"end":{"line":477,"column":96}},"157":{"start":{"line":477,"column":44},"end":{"line":477,"column":96}},"158":{"start":{"line":479,"column":12},"end":{"line":479,"column":50}},"159":{"start":{"line":491,"column":4},"end":{"line":504,"column":6}},"160":{"start":{"line":492,"column":8},"end":{"line":492,"column":30}},"161":{"start":{"line":494,"column":8},"end":{"line":494,"column":69}},"162":{"start":{"line":496,"column":8},"end":{"line":501,"column":10}},"163":{"start":{"line":503,"column":8},"end":{"line":503,"column":50}},"164":{"start":{"line":513,"column":4},"end":{"line":527,"column":6}},"165":{"start":{"line":514,"column":8},"end":{"line":514,"column":28}},"166":{"start":{"line":516,"column":8},"end":{"line":516,"column":69}},"167":{"start":{"line":518,"column":8},"end":{"line":526,"column":11}},"168":{"start":{"line":519,"column":12},"end":{"line":519,"column":38}},"169":{"start":{"line":519,"column":21},"end":{"line":519,"column":38}},"170":{"start":{"line":521,"column":12},"end":{"line":525,"column":13}},"171":{"start":{"line":522,"column":16},"end":{"line":522,"column":57}},"172":{"start":{"line":524,"column":16},"end":{"line":524,"column":67}},"173":{"start":{"line":536,"column":4},"end":{"line":550,"column":6}},"174":{"start":{"line":537,"column":8},"end":{"line":537,"column":28}},"175":{"start":{"line":539,"column":8},"end":{"line":539,"column":69}},"176":{"start":{"line":541,"column":8},"end":{"line":549,"column":11}},"177":{"start":{"line":542,"column":12},"end":{"line":542,"column":38}},"178":{"start":{"line":542,"column":21},"end":{"line":542,"column":38}},"179":{"start":{"line":544,"column":12},"end":{"line":548,"column":13}},"180":{"start":{"line":545,"column":16},"end":{"line":545,"column":57}},"181":{"start":{"line":547,"column":16},"end":{"line":547,"column":67}},"182":{"start":{"line":563,"column":4},"end":{"line":565,"column":6}},"183":{"start":{"line":564,"column":8},"end":{"line":564,"column":64}},"184":{"start":{"line":574,"column":4},"end":{"line":576,"column":6}},"185":{"start":{"line":575,"column":8},"end":{"line":575,"column":64}},"186":{"start":{"line":578,"column":4},"end":{"line":578,"column":14}},"187":{"start":{"line":581,"column":4},"end":{"line":585,"column":5}},"188":{"start":{"line":582,"column":8},"end":{"line":582,"column":73}},"189":{"start":{"line":584,"column":8},"end":{"line":584,"column":55}},"190":{"start":{"line":588,"column":4},"end":{"line":588,"column":16}}},"branchMap":{"1":{"line":72,"type":"if","locations":[{"start":{"line":72,"column":12},"end":{"line":72,"column":12}},{"start":{"line":72,"column":12},"end":{"line":72,"column":12}}]},"2":{"line":143,"type":"if","locations":[{"start":{"line":143,"column":12},"end":{"line":143,"column":12}},{"start":{"line":143,"column":12},"end":{"line":143,"column":12}}]},"3":{"line":145,"type":"if","locations":[{"start":{"line":145,"column":19},"end":{"line":145,"column":19}},{"start":{"line":145,"column":19},"end":{"line":145,"column":19}}]},"4":{"line":215,"type":"if","locations":[{"start":{"line":215,"column":12},"end":{"line":215,"column":12}},{"start":{"line":215,"column":12},"end":{"line":215,"column":12}}]},"5":{"line":223,"type":"if","locations":[{"start":{"line":223,"column":20},"end":{"line":223,"column":20}},{"start":{"line":223,"column":20},"end":{"line":223,"column":20}}]},"6":{"line":253,"type":"if","locations":[{"start":{"line":253,"column":12},"end":{"line":253,"column":12}},{"start":{"line":253,"column":12},"end":{"line":253,"column":12}}]},"7":{"line":256,"type":"if","locations":[{"start":{"line":256,"column":19},"end":{"line":256,"column":19}},{"start":{"line":256,"column":19},"end":{"line":256,"column":19}}]},"8":{"line":265,"type":"if","locations":[{"start":{"line":265,"column":28},"end":{"line":265,"column":28}},{"start":{"line":265,"column":28},"end":{"line":265,"column":28}}]},"9":{"line":265,"type":"binary-expr","locations":[{"start":{"line":265,"column":32},"end":{"line":265,"column":73}},{"start":{"line":265,"column":77},"end":{"line":265,"column":112}}]},"10":{"line":306,"type":"if","locations":[{"start":{"line":306,"column":12},"end":{"line":306,"column":12}},{"start":{"line":306,"column":12},"end":{"line":306,"column":12}}]},"11":{"line":314,"type":"if","locations":[{"start":{"line":314,"column":20},"end":{"line":314,"column":20}},{"start":{"line":314,"column":20},"end":{"line":314,"column":20}}]},"12":{"line":346,"type":"if","locations":[{"start":{"line":346,"column":12},"end":{"line":346,"column":12}},{"start":{"line":346,"column":12},"end":{"line":346,"column":12}}]},"13":{"line":350,"type":"if","locations":[{"start":{"line":350,"column":16},"end":{"line":350,"column":16}},{"start":{"line":350,"column":16},"end":{"line":350,"column":16}}]},"14":{"line":355,"type":"binary-expr","locations":[{"start":{"line":355,"column":27},"end":{"line":355,"column":43}},{"start":{"line":355,"column":47},"end":{"line":355,"column":67}}]},"15":{"line":359,"type":"if","locations":[{"start":{"line":359,"column":24},"end":{"line":359,"column":24}},{"start":{"line":359,"column":24},"end":{"line":359,"column":24}}]},"16":{"line":390,"type":"if","locations":[{"start":{"line":390,"column":12},"end":{"line":390,"column":12}},{"start":{"line":390,"column":12},"end":{"line":390,"column":12}}]},"17":{"line":392,"type":"if","locations":[{"start":{"line":392,"column":19},"end":{"line":392,"column":19}},{"start":{"line":392,"column":19},"end":{"line":392,"column":19}}]},"18":{"line":394,"type":"if","locations":[{"start":{"line":394,"column":20},"end":{"line":394,"column":20}},{"start":{"line":394,"column":20},"end":{"line":394,"column":20}}]},"19":{"line":396,"type":"if","locations":[{"start":{"line":396,"column":27},"end":{"line":396,"column":27}},{"start":{"line":396,"column":27},"end":{"line":396,"column":27}}]},"20":{"line":401,"type":"binary-expr","locations":[{"start":{"line":401,"column":31},"end":{"line":401,"column":47}},{"start":{"line":401,"column":51},"end":{"line":401,"column":79}}]},"21":{"line":405,"type":"binary-expr","locations":[{"start":{"line":405,"column":35},"end":{"line":405,"column":51}},{"start":{"line":405,"column":55},"end":{"line":405,"column":83}}]},"22":{"line":407,"type":"if","locations":[{"start":{"line":407,"column":32},"end":{"line":407,"column":32}},{"start":{"line":407,"column":32},"end":{"line":407,"column":32}}]},"23":{"line":440,"type":"if","locations":[{"start":{"line":440,"column":12},"end":{"line":440,"column":12}},{"start":{"line":440,"column":12},"end":{"line":440,"column":12}}]},"24":{"line":442,"type":"if","locations":[{"start":{"line":442,"column":12},"end":{"line":442,"column":12}},{"start":{"line":442,"column":12},"end":{"line":442,"column":12}}]},"25":{"line":442,"type":"binary-expr","locations":[{"start":{"line":442,"column":16},"end":{"line":442,"column":26}},{"start":{"line":442,"column":30},"end":{"line":442,"column":61}}]},"26":{"line":473,"type":"if","locations":[{"start":{"line":473,"column":12},"end":{"line":473,"column":12}},{"start":{"line":473,"column":12},"end":{"line":473,"column":12}}]},"27":{"line":475,"type":"if","locations":[{"start":{"line":475,"column":12},"end":{"line":475,"column":12}},{"start":{"line":475,"column":12},"end":{"line":475,"column":12}}]},"28":{"line":476,"type":"if","locations":[{"start":{"line":476,"column":12},"end":{"line":476,"column":12}},{"start":{"line":476,"column":12},"end":{"line":476,"column":12}}]},"29":{"line":477,"type":"if","locations":[{"start":{"line":477,"column":12},"end":{"line":477,"column":12}},{"start":{"line":477,"column":12},"end":{"line":477,"column":12}}]},"30":{"line":519,"type":"if","locations":[{"start":{"line":519,"column":12},"end":{"line":519,"column":12}},{"start":{"line":519,"column":12},"end":{"line":519,"column":12}}]},"31":{"line":521,"type":"if","locations":[{"start":{"line":521,"column":12},"end":{"line":521,"column":12}},{"start":{"line":521,"column":12},"end":{"line":521,"column":12}}]},"32":{"line":542,"type":"if","locations":[{"start":{"line":542,"column":12},"end":{"line":542,"column":12}},{"start":{"line":542,"column":12},"end":{"line":542,"column":12}}]},"33":{"line":544,"type":"if","locations":[{"start":{"line":544,"column":12},"end":{"line":544,"column":12}},{"start":{"line":544,"column":12},"end":{"line":544,"column":12}}]}}},"/home/jeff/git/friends-of-friends/lib/relationships.js":{"path":"/home/jeff/git/friends-of-friends/lib/relationships.js","s":{"1":1},"b":{},"f":{},"fnMap":{},"statementMap":{"1":{"start":{"line":4,"column":0},"end":{"line":13,"column":2}}},"branchMap":{}},"/home/jeff/git/friends-of-friends/lib/index.js":{"path":"/home/jeff/git/friends-of-friends/lib/index.js","s":{"1":1,"2":1,"3":1,"4":2,"5":2,"6":1,"7":1,"8":1,"9":1,"10":1,"11":1,"12":1,"13":1,"14":1,"15":1,"16":1},"b":{"1":[1,1]},"f":{"1":2,"2":1,"3":1},"fnMap":{"1":{"name":"FriendsOfFriends","line":55,"loc":{"start":{"line":55,"column":0},"end":{"line":55,"column":35}}},"2":{"name":"(anonymous_2)","line":124,"loc":{"start":{"line":124,"column":33},"end":{"line":124,"column":53}}},"3":{"name":"(anonymous_3)","line":135,"loc":{"start":{"line":135,"column":33},"end":{"line":135,"column":60}}}},"statementMap":{"1":{"start":{"line":7,"column":0},"end":{"line":9,"column":44}},"2":{"start":{"line":11,"column":0},"end":{"line":11,"column":33}},"3":{"start":{"line":55,"column":0},"end":{"line":100,"column":1}},"4":{"start":{"line":57,"column":4},"end":{"line":57,"column":29}},"5":{"start":{"line":59,"column":4},"end":{"line":61,"column":5}},"6":{"start":{"line":60,"column":6},"end":{"line":60,"column":43}},"7":{"start":{"line":63,"column":4},"end":{"line":64,"column":37}},"8":{"start":{"line":66,"column":4},"end":{"line":69,"column":6}},"9":{"start":{"line":80,"column":4},"end":{"line":80,"column":51}},"10":{"start":{"line":89,"column":4},"end":{"line":89,"column":47}},"11":{"start":{"line":98,"column":4},"end":{"line":98,"column":25}},"12":{"start":{"line":116,"column":0},"end":{"line":116,"column":57}},"13":{"start":{"line":124,"column":0},"end":{"line":126,"column":2}},"14":{"start":{"line":125,"column":4},"end":{"line":125,"column":34}},"15":{"start":{"line":135,"column":0},"end":{"line":137,"column":2}},"16":{"start":{"line":136,"column":4},"end":{"line":136,"column":42}}},"branchMap":{"1":{"line":59,"type":"if","locations":[{"start":{"line":59,"column":4},"end":{"line":59,"column":4}},{"start":{"line":59,"column":4},"end":{"line":59,"column":4}}]}}},"/home/jeff/git/friends-of-friends/lib/plugin.js":{"path":"/home/jeff/git/friends-of-friends/lib/plugin.js","s":{"1":1,"2":1,"3":1,"4":1,"5":1,"6":1,"7":1,"8":1,"9":1,"10":49,"11":49,"12":49,"13":49,"14":49,"15":1,"16":48,"17":2,"18":2,"19":2,"20":0,"21":2,"22":46,"23":46,"24":1,"25":5,"26":5,"27":5,"28":5,"29":1,"30":4,"31":1,"32":9,"33":9,"34":9,"35":9,"36":1,"37":8,"38":1,"39":17,"40":17,"41":17,"42":17,"43":1,"44":16,"45":1,"46":39,"47":39,"48":39,"49":39,"50":2,"51":37,"52":1,"53":2,"54":1,"55":2,"56":1,"57":2,"58":2,"59":1,"60":5,"61":5,"62":5,"63":5,"64":1,"65":4,"66":1,"67":9,"68":9,"69":9,"70":9,"71":1,"72":8,"73":1,"74":5,"75":5,"76":5,"77":1,"78":4,"79":1,"80":8,"81":8,"82":8,"83":8,"84":8,"85":8,"86":8,"87":8,"88":8,"89":8,"90":8,"91":1,"92":12,"93":1,"94":12,"95":1,"96":8,"97":8,"98":1,"99":2,"100":2,"101":2,"102":2,"103":1,"104":12,"105":12,"106":1,"107":12,"108":12,"109":1,"110":12,"111":12,"112":1,"113":21,"114":21,"115":1,"116":2,"117":2,"118":1,"119":4,"120":4,"121":1,"122":8,"123":8,"124":1,"125":16,"126":16,"127":1,"128":1,"129":1,"130":1,"131":1,"132":1,"133":1,"134":1,"135":1,"136":1,"137":2,"138":2,"139":1,"140":4,"141":4,"142":1,"143":2,"144":2,"145":1,"146":4,"147":4,"148":1,"149":6,"150":6,"151":1,"152":6,"153":6,"154":1,"155":3,"156":3,"157":1,"158":1,"159":1,"160":1,"161":6,"162":6,"163":1,"164":6,"165":6,"166":1,"167":6,"168":6},"b":{"1":[1,48],"2":[2,46],"3":[1,1],"4":[0,2],"5":[1,4],"6":[1,8],"7":[1,16],"8":[2,37],"9":[1,4],"10":[1,8],"11":[1,4]},"f":{"1":1,"2":49,"3":49,"4":2,"5":46,"6":5,"7":5,"8":9,"9":9,"10":17,"11":17,"12":39,"13":39,"14":2,"15":2,"16":2,"17":5,"18":5,"19":9,"20":9,"21":5,"22":5,"23":8,"24":8,"25":8,"26":8,"27":8,"28":12,"29":12,"30":8,"31":2,"32":2,"33":12,"34":12,"35":12,"36":21,"37":2,"38":4,"39":8,"40":16,"41":1,"42":1,"43":1,"44":2,"45":4,"46":2,"47":4,"48":6,"49":6,"50":3,"51":1,"52":6,"53":6,"54":6},"fnMap":{"1":{"name":"friendshipPlugin","line":8,"loc":{"start":{"line":8,"column":17},"end":{"line":8,"column":61}}},"2":{"name":"(anonymous_2)","line":57,"loc":{"start":{"line":57,"column":35},"end":{"line":57,"column":77}}},"3":{"name":"(anonymous_3)","line":68,"loc":{"start":{"line":68,"column":39},"end":{"line":68,"column":66}}},"4":{"name":"(anonymous_4)","line":77,"loc":{"start":{"line":77,"column":73},"end":{"line":77,"column":109}}},"5":{"name":"(anonymous_5)","line":83,"loc":{"start":{"line":83,"column":48},"end":{"line":83,"column":82}}},"6":{"name":"(anonymous_6)","line":97,"loc":{"start":{"line":97,"column":33},"end":{"line":97,"column":60}}},"7":{"name":"(anonymous_7)","line":101,"loc":{"start":{"line":101,"column":42},"end":{"line":101,"column":67}}},"8":{"name":"(anonymous_8)","line":117,"loc":{"start":{"line":117,"column":37},"end":{"line":117,"column":64}}},"9":{"name":"(anonymous_9)","line":122,"loc":{"start":{"line":122,"column":46},"end":{"line":122,"column":75}}},"10":{"name":"(anonymous_10)","line":138,"loc":{"start":{"line":138,"column":41},"end":{"line":138,"column":68}}},"11":{"name":"(anonymous_11)","line":143,"loc":{"start":{"line":143,"column":50},"end":{"line":143,"column":83}}},"12":{"name":"(anonymous_12)","line":160,"loc":{"start":{"line":160,"column":35},"end":{"line":160,"column":77}}},"13":{"name":"(anonymous_13)","line":165,"loc":{"start":{"line":165,"column":59},"end":{"line":165,"column":86}}},"14":{"name":"(anonymous_14)","line":182,"loc":{"start":{"line":182,"column":35},"end":{"line":182,"column":77}}},"15":{"name":"(anonymous_15)","line":194,"loc":{"start":{"line":194,"column":33},"end":{"line":194,"column":75}}},"16":{"name":"(anonymous_16)","line":206,"loc":{"start":{"line":206,"column":35},"end":{"line":206,"column":75}}},"17":{"name":"(anonymous_17)","line":225,"loc":{"start":{"line":225,"column":32},"end":{"line":225,"column":59}}},"18":{"name":"(anonymous_18)","line":230,"loc":{"start":{"line":230,"column":41},"end":{"line":230,"column":67}}},"19":{"name":"(anonymous_19)","line":246,"loc":{"start":{"line":246,"column":41},"end":{"line":246,"column":68}}},"20":{"name":"(anonymous_20)","line":252,"loc":{"start":{"line":252,"column":50},"end":{"line":252,"column":85}}},"21":{"name":"(anonymous_21)","line":268,"loc":{"start":{"line":268,"column":39},"end":{"line":268,"column":66}}},"22":{"name":"(anonymous_22)","line":271,"loc":{"start":{"line":271,"column":48},"end":{"line":271,"column":81}}},"23":{"name":"(anonymous_23)","line":286,"loc":{"start":{"line":286,"column":35},"end":{"line":286,"column":62}}},"24":{"name":"(anonymous_24)","line":293,"loc":{"start":{"line":293,"column":21},"end":{"line":293,"column":41}}},"25":{"name":"(anonymous_25)","line":296,"loc":{"start":{"line":296,"column":30},"end":{"line":296,"column":50}}},"26":{"name":"(anonymous_26)","line":299,"loc":{"start":{"line":299,"column":28},"end":{"line":299,"column":48}}},"27":{"name":"(anonymous_27)","line":302,"loc":{"start":{"line":302,"column":11},"end":{"line":302,"column":35}}},"28":{"name":"(anonymous_28)","line":328,"loc":{"start":{"line":328,"column":32},"end":{"line":328,"column":72}}},"29":{"name":"(anonymous_29)","line":340,"loc":{"start":{"line":340,"column":41},"end":{"line":340,"column":81}}},"30":{"name":"(anonymous_30)","line":350,"loc":{"start":{"line":350,"column":39},"end":{"line":350,"column":79}}},"31":{"name":"(anonymous_31)","line":363,"loc":{"start":{"line":363,"column":35},"end":{"line":363,"column":75}}},"32":{"name":"(anonymous_32)","line":368,"loc":{"start":{"line":368,"column":57},"end":{"line":368,"column":84}}},"33":{"name":"(anonymous_33)","line":381,"loc":{"start":{"line":381,"column":37},"end":{"line":381,"column":77}}},"34":{"name":"(anonymous_34)","line":394,"loc":{"start":{"line":394,"column":33},"end":{"line":394,"column":74}}},"35":{"name":"(anonymous_35)","line":406,"loc":{"start":{"line":406,"column":33},"end":{"line":406,"column":74}}},"36":{"name":"(anonymous_36)","line":434,"loc":{"start":{"line":434,"column":35},"end":{"line":434,"column":64}}},"37":{"name":"(anonymous_37)","line":445,"loc":{"start":{"line":445,"column":33},"end":{"line":445,"column":49}}},"38":{"name":"(anonymous_38)","line":456,"loc":{"start":{"line":456,"column":37},"end":{"line":456,"column":53}}},"39":{"name":"(anonymous_39)","line":467,"loc":{"start":{"line":467,"column":41},"end":{"line":467,"column":57}}},"40":{"name":"(anonymous_40)","line":479,"loc":{"start":{"line":479,"column":35},"end":{"line":479,"column":64}}},"41":{"name":"(anonymous_41)","line":491,"loc":{"start":{"line":491,"column":35},"end":{"line":491,"column":64}}},"42":{"name":"(anonymous_42)","line":503,"loc":{"start":{"line":503,"column":33},"end":{"line":503,"column":62}}},"43":{"name":"(anonymous_43)","line":514,"loc":{"start":{"line":514,"column":35},"end":{"line":514,"column":62}}},"44":{"name":"(anonymous_44)","line":525,"loc":{"start":{"line":525,"column":32},"end":{"line":525,"column":48}}},"45":{"name":"(anonymous_45)","line":536,"loc":{"start":{"line":536,"column":41},"end":{"line":536,"column":57}}},"46":{"name":"(anonymous_46)","line":548,"loc":{"start":{"line":548,"column":39},"end":{"line":548,"column":55}}},"47":{"name":"(anonymous_47)","line":559,"loc":{"start":{"line":559,"column":35},"end":{"line":559,"column":51}}},"48":{"name":"(anonymous_48)","line":571,"loc":{"start":{"line":571,"column":30},"end":{"line":571,"column":57}}},"49":{"name":"(anonymous_49)","line":583,"loc":{"start":{"line":583,"column":39},"end":{"line":583,"column":66}}},"50":{"name":"(anonymous_50)","line":593,"loc":{"start":{"line":593,"column":37},"end":{"line":593,"column":64}}},"51":{"name":"(anonymous_51)","line":605,"loc":{"start":{"line":605,"column":35},"end":{"line":605,"column":62}}},"52":{"name":"(anonymous_52)","line":617,"loc":{"start":{"line":617,"column":37},"end":{"line":617,"column":64}}},"53":{"name":"(anonymous_53)","line":629,"loc":{"start":{"line":629,"column":33},"end":{"line":629,"column":63}}},"54":{"name":"(anonymous_54)","line":641,"loc":{"start":{"line":641,"column":33},"end":{"line":641,"column":63}}}},"statementMap":{"1":{"start":{"line":2,"column":0},"end":{"line":6,"column":44}},"2":{"start":{"line":8,"column":0},"end":{"line":645,"column":2}},"3":{"start":{"line":12,"column":4},"end":{"line":12,"column":29}},"4":{"start":{"line":14,"column":4},"end":{"line":17,"column":6}},"5":{"start":{"line":19,"column":4},"end":{"line":19,"column":46}},"6":{"start":{"line":21,"column":4},"end":{"line":21,"column":29}},"7":{"start":{"line":23,"column":4},"end":{"line":23,"column":49}},"8":{"start":{"line":48,"column":4},"end":{"line":48,"column":49}},"9":{"start":{"line":57,"column":4},"end":{"line":88,"column":6}},"10":{"start":{"line":58,"column":8},"end":{"line":58,"column":44}},"11":{"start":{"line":60,"column":8},"end":{"line":60,"column":63}},"12":{"start":{"line":62,"column":8},"end":{"line":65,"column":10}},"13":{"start":{"line":68,"column":8},"end":{"line":87,"column":11}},"14":{"start":{"line":69,"column":12},"end":{"line":86,"column":13}},"15":{"start":{"line":70,"column":16},"end":{"line":70,"column":26}},"16":{"start":{"line":71,"column":19},"end":{"line":86,"column":13}},"17":{"start":{"line":72,"column":16},"end":{"line":75,"column":18}},"18":{"start":{"line":77,"column":16},"end":{"line":81,"column":18}},"19":{"start":{"line":78,"column":20},"end":{"line":78,"column":46}},"20":{"start":{"line":78,"column":29},"end":{"line":78,"column":46}},"21":{"start":{"line":80,"column":20},"end":{"line":80,"column":52}},"22":{"start":{"line":83,"column":16},"end":{"line":85,"column":18}},"23":{"start":{"line":84,"column":20},"end":{"line":84,"column":90}},"24":{"start":{"line":97,"column":4},"end":{"line":108,"column":6}},"25":{"start":{"line":98,"column":8},"end":{"line":98,"column":41}},"26":{"start":{"line":99,"column":8},"end":{"line":99,"column":63}},"27":{"start":{"line":101,"column":8},"end":{"line":107,"column":11}},"28":{"start":{"line":102,"column":12},"end":{"line":106,"column":13}},"29":{"start":{"line":103,"column":16},"end":{"line":103,"column":25}},"30":{"start":{"line":105,"column":16},"end":{"line":105,"column":125}},"31":{"start":{"line":117,"column":4},"end":{"line":129,"column":6}},"32":{"start":{"line":118,"column":8},"end":{"line":118,"column":45}},"33":{"start":{"line":120,"column":8},"end":{"line":120,"column":63}},"34":{"start":{"line":122,"column":8},"end":{"line":128,"column":10}},"35":{"start":{"line":123,"column":12},"end":{"line":127,"column":13}},"36":{"start":{"line":124,"column":16},"end":{"line":124,"column":25}},"37":{"start":{"line":126,"column":16},"end":{"line":126,"column":81}},"38":{"start":{"line":138,"column":4},"end":{"line":150,"column":6}},"39":{"start":{"line":139,"column":8},"end":{"line":139,"column":49}},"40":{"start":{"line":141,"column":8},"end":{"line":141,"column":63}},"41":{"start":{"line":143,"column":8},"end":{"line":149,"column":11}},"42":{"start":{"line":144,"column":12},"end":{"line":148,"column":13}},"43":{"start":{"line":145,"column":16},"end":{"line":145,"column":26}},"44":{"start":{"line":147,"column":16},"end":{"line":147,"column":85}},"45":{"start":{"line":160,"column":4},"end":{"line":172,"column":6}},"46":{"start":{"line":161,"column":8},"end":{"line":161,"column":43}},"47":{"start":{"line":163,"column":8},"end":{"line":163,"column":63}},"48":{"start":{"line":165,"column":8},"end":{"line":171,"column":11}},"49":{"start":{"line":166,"column":12},"end":{"line":170,"column":13}},"50":{"start":{"line":167,"column":16},"end":{"line":167,"column":26}},"51":{"start":{"line":169,"column":16},"end":{"line":169,"column":79}},"52":{"start":{"line":182,"column":4},"end":{"line":184,"column":6}},"53":{"start":{"line":183,"column":9},"end":{"line":183,"column":66}},"54":{"start":{"line":194,"column":4},"end":{"line":196,"column":6}},"55":{"start":{"line":195,"column":9},"end":{"line":195,"column":64}},"56":{"start":{"line":206,"column":4},"end":{"line":216,"column":6}},"57":{"start":{"line":207,"column":8},"end":{"line":213,"column":10}},"58":{"start":{"line":215,"column":8},"end":{"line":215,"column":43}},"59":{"start":{"line":225,"column":4},"end":{"line":237,"column":6}},"60":{"start":{"line":226,"column":8},"end":{"line":226,"column":40}},"61":{"start":{"line":228,"column":8},"end":{"line":228,"column":63}},"62":{"start":{"line":230,"column":8},"end":{"line":236,"column":11}},"63":{"start":{"line":231,"column":12},"end":{"line":235,"column":13}},"64":{"start":{"line":232,"column":16},"end":{"line":232,"column":26}},"65":{"start":{"line":234,"column":16},"end":{"line":234,"column":74}},"66":{"start":{"line":246,"column":4},"end":{"line":259,"column":6}},"67":{"start":{"line":247,"column":8},"end":{"line":247,"column":49}},"68":{"start":{"line":249,"column":8},"end":{"line":249,"column":63}},"69":{"start":{"line":252,"column":8},"end":{"line":258,"column":11}},"70":{"start":{"line":253,"column":12},"end":{"line":257,"column":13}},"71":{"start":{"line":254,"column":16},"end":{"line":254,"column":26}},"72":{"start":{"line":256,"column":16},"end":{"line":256,"column":83}},"73":{"start":{"line":268,"column":4},"end":{"line":278,"column":5}},"74":{"start":{"line":269,"column":8},"end":{"line":269,"column":63}},"75":{"start":{"line":271,"column":8},"end":{"line":277,"column":10}},"76":{"start":{"line":272,"column":12},"end":{"line":276,"column":13}},"77":{"start":{"line":273,"column":16},"end":{"line":273,"column":26}},"78":{"start":{"line":275,"column":16},"end":{"line":275,"column":81}},"79":{"start":{"line":286,"column":4},"end":{"line":318,"column":6}},"80":{"start":{"line":287,"column":8},"end":{"line":287,"column":44}},"81":{"start":{"line":289,"column":8},"end":{"line":290,"column":24}},"82":{"start":{"line":292,"column":8},"end":{"line":317,"column":11}},"83":{"start":{"line":294,"column":16},"end":{"line":294,"column":59}},"84":{"start":{"line":297,"column":16},"end":{"line":297,"column":68}},"85":{"start":{"line":300,"column":16},"end":{"line":300,"column":66}},"86":{"start":{"line":304,"column":12},"end":{"line":304,"column":65}},"87":{"start":{"line":305,"column":12},"end":{"line":305,"column":90}},"88":{"start":{"line":306,"column":12},"end":{"line":306,"column":80}},"89":{"start":{"line":308,"column":12},"end":{"line":313,"column":14}},"90":{"start":{"line":315,"column":12},"end":{"line":315,"column":48}},"91":{"start":{"line":328,"column":4},"end":{"line":330,"column":6}},"92":{"start":{"line":329,"column":9},"end":{"line":329,"column":61}},"93":{"start":{"line":340,"column":4},"end":{"line":342,"column":6}},"94":{"start":{"line":341,"column":9},"end":{"line":341,"column":70}},"95":{"start":{"line":350,"column":4},"end":{"line":353,"column":6}},"96":{"start":{"line":351,"column":8},"end":{"line":351,"column":47}},"97":{"start":{"line":352,"column":8},"end":{"line":352,"column":67}},"98":{"start":{"line":363,"column":4},"end":{"line":371,"column":6}},"99":{"start":{"line":364,"column":8},"end":{"line":364,"column":43}},"100":{"start":{"line":366,"column":8},"end":{"line":366,"column":63}},"101":{"start":{"line":368,"column":8},"end":{"line":370,"column":11}},"102":{"start":{"line":369,"column":12},"end":{"line":369,"column":75}},"103":{"start":{"line":381,"column":4},"end":{"line":385,"column":6}},"104":{"start":{"line":382,"column":8},"end":{"line":382,"column":46}},"105":{"start":{"line":384,"column":8},"end":{"line":384,"column":65}},"106":{"start":{"line":394,"column":4},"end":{"line":397,"column":6}},"107":{"start":{"line":395,"column":8},"end":{"line":395,"column":42}},"108":{"start":{"line":396,"column":8},"end":{"line":396,"column":62}},"109":{"start":{"line":406,"column":4},"end":{"line":409,"column":6}},"110":{"start":{"line":407,"column":8},"end":{"line":407,"column":42}},"111":{"start":{"line":408,"column":8},"end":{"line":408,"column":62}},"112":{"start":{"line":434,"column":4},"end":{"line":437,"column":6}},"113":{"start":{"line":435,"column":8},"end":{"line":435,"column":46}},"114":{"start":{"line":436,"column":8},"end":{"line":436,"column":68}},"115":{"start":{"line":445,"column":4},"end":{"line":448,"column":6}},"116":{"start":{"line":446,"column":8},"end":{"line":446,"column":45}},"117":{"start":{"line":447,"column":8},"end":{"line":447,"column":53}},"118":{"start":{"line":456,"column":4},"end":{"line":459,"column":6}},"119":{"start":{"line":457,"column":8},"end":{"line":457,"column":49}},"120":{"start":{"line":458,"column":8},"end":{"line":458,"column":57}},"121":{"start":{"line":467,"column":4},"end":{"line":470,"column":6}},"122":{"start":{"line":468,"column":8},"end":{"line":468,"column":53}},"123":{"start":{"line":469,"column":8},"end":{"line":469,"column":61}},"124":{"start":{"line":479,"column":4},"end":{"line":482,"column":6}},"125":{"start":{"line":480,"column":8},"end":{"line":480,"column":47}},"126":{"start":{"line":481,"column":8},"end":{"line":481,"column":68}},"127":{"start":{"line":491,"column":4},"end":{"line":494,"column":6}},"128":{"start":{"line":492,"column":8},"end":{"line":492,"column":47}},"129":{"start":{"line":493,"column":8},"end":{"line":493,"column":68}},"130":{"start":{"line":503,"column":4},"end":{"line":506,"column":6}},"131":{"start":{"line":504,"column":8},"end":{"line":504,"column":45}},"132":{"start":{"line":505,"column":8},"end":{"line":505,"column":66}},"133":{"start":{"line":514,"column":4},"end":{"line":517,"column":6}},"134":{"start":{"line":515,"column":8},"end":{"line":515,"column":47}},"135":{"start":{"line":516,"column":8},"end":{"line":516,"column":66}},"136":{"start":{"line":525,"column":4},"end":{"line":528,"column":6}},"137":{"start":{"line":526,"column":8},"end":{"line":526,"column":44}},"138":{"start":{"line":527,"column":8},"end":{"line":527,"column":52}},"139":{"start":{"line":536,"column":4},"end":{"line":539,"column":6}},"140":{"start":{"line":537,"column":8},"end":{"line":537,"column":53}},"141":{"start":{"line":538,"column":8},"end":{"line":538,"column":61}},"142":{"start":{"line":548,"column":4},"end":{"line":551,"column":6}},"143":{"start":{"line":549,"column":8},"end":{"line":549,"column":51}},"144":{"start":{"line":550,"column":8},"end":{"line":550,"column":59}},"145":{"start":{"line":559,"column":4},"end":{"line":562,"column":6}},"146":{"start":{"line":560,"column":8},"end":{"line":560,"column":47}},"147":{"start":{"line":561,"column":8},"end":{"line":561,"column":55}},"148":{"start":{"line":571,"column":4},"end":{"line":574,"column":6}},"149":{"start":{"line":572,"column":8},"end":{"line":572,"column":42}},"150":{"start":{"line":573,"column":8},"end":{"line":573,"column":63}},"151":{"start":{"line":583,"column":4},"end":{"line":586,"column":6}},"152":{"start":{"line":584,"column":8},"end":{"line":584,"column":51}},"153":{"start":{"line":585,"column":8},"end":{"line":585,"column":72}},"154":{"start":{"line":593,"column":4},"end":{"line":596,"column":6}},"155":{"start":{"line":594,"column":8},"end":{"line":594,"column":49}},"156":{"start":{"line":595,"column":8},"end":{"line":595,"column":70}},"157":{"start":{"line":605,"column":4},"end":{"line":608,"column":6}},"158":{"start":{"line":606,"column":8},"end":{"line":606,"column":47}},"159":{"start":{"line":607,"column":8},"end":{"line":607,"column":66}},"160":{"start":{"line":617,"column":4},"end":{"line":620,"column":6}},"161":{"start":{"line":618,"column":8},"end":{"line":618,"column":49}},"162":{"start":{"line":619,"column":8},"end":{"line":619,"column":68}},"163":{"start":{"line":629,"column":4},"end":{"line":632,"column":6}},"164":{"start":{"line":630,"column":8},"end":{"line":630,"column":45}},"165":{"start":{"line":631,"column":8},"end":{"line":631,"column":67}},"166":{"start":{"line":641,"column":4},"end":{"line":644,"column":5}},"167":{"start":{"line":642,"column":8},"end":{"line":642,"column":45}},"168":{"start":{"line":643,"column":8},"end":{"line":643,"column":67}}},"branchMap":{"1":{"line":69,"type":"if","locations":[{"start":{"line":69,"column":12},"end":{"line":69,"column":12}},{"start":{"line":69,"column":12},"end":{"line":69,"column":12}}]},"2":{"line":71,"type":"if","locations":[{"start":{"line":71,"column":19},"end":{"line":71,"column":19}},{"start":{"line":71,"column":19},"end":{"line":71,"column":19}}]},"3":{"line":72,"type":"cond-expr","locations":[{"start":{"line":73,"column":22},"end":{"line":73,"column":56}},{"start":{"line":74,"column":22},"end":{"line":74,"column":67}}]},"4":{"line":78,"type":"if","locations":[{"start":{"line":78,"column":20},"end":{"line":78,"column":20}},{"start":{"line":78,"column":20},"end":{"line":78,"column":20}}]},"5":{"line":102,"type":"if","locations":[{"start":{"line":102,"column":12},"end":{"line":102,"column":12}},{"start":{"line":102,"column":12},"end":{"line":102,"column":12}}]},"6":{"line":123,"type":"if","locations":[{"start":{"line":123,"column":12},"end":{"line":123,"column":12}},{"start":{"line":123,"column":12},"end":{"line":123,"column":12}}]},"7":{"line":144,"type":"if","locations":[{"start":{"line":144,"column":12},"end":{"line":144,"column":12}},{"start":{"line":144,"column":12},"end":{"line":144,"column":12}}]},"8":{"line":166,"type":"if","locations":[{"start":{"line":166,"column":12},"end":{"line":166,"column":12}},{"start":{"line":166,"column":12},"end":{"line":166,"column":12}}]},"9":{"line":231,"type":"if","locations":[{"start":{"line":231,"column":12},"end":{"line":231,"column":12}},{"start":{"line":231,"column":12},"end":{"line":231,"column":12}}]},"10":{"line":253,"type":"if","locations":[{"start":{"line":253,"column":12},"end":{"line":253,"column":12}},{"start":{"line":253,"column":12},"end":{"line":253,"column":12}}]},"11":{"line":272,"type":"if","locations":[{"start":{"line":272,"column":12},"end":{"line":272,"column":12}},{"start":{"line":272,"column":12},"end":{"line":272,"column":12}}]}}}}